F                                                                        [100%]
================================== FAILURES ===================================
______________________ test_many_invocations_performance ______________________

    def test_many_invocations_performance():
        @click.command()
        @click.option("--count", type=int, default=1)
        @click.argument("name")
>       def greet(count: int, name: str) -> None:

tests\Click\performance_test.py:29: 
_ _ _ _ _ _ _ _ _ _ _ _ _ _ _ _ _ _ _ _ _ _ _ _ _ _ _ _ _ _ _ _ _ _ _ _ _ _ _ _
generation\Click\click\decorators.py:33: in decorator
    f.__click_params__.append(Option(name, **kwargs))
_ _ _ _ _ _ _ _ _ _ _ _ _ _ _ _ _ _ _ _ _ _ _ _ _ _ _ _ _ _ _ _ _ _ _ _ _ _ _ _

self = <click.core.Option object at 0x000002023B5FFD00>, name = '--count'
kwargs = {'default': 1, 'type': <class 'int'>}

    def __init__(self, name, **kwargs):
        #  e.g. name could be '--count'
>       super().__init__(name, **kwargs)
E       TypeError: __init__() got an unexpected keyword argument 'type'

generation\Click\click\core.py:89: TypeError
=========================== short test summary info ===========================
FAILED tests/Click/performance_test.py::test_many_invocations_performance - T...
1 failed in 0.42s
