F                                                                        [100%]
================================== FAILURES ===================================
_________________________ test_lsb_performance_smoke __________________________

    def test_lsb_performance_smoke() -> None:
        """Simple performance sanity check for LSB hide/reveal."""
>       avg_hide, avg_reveal = _measure_hide_reveal(iterations=5)

tests\Stegano\performance_test.py:61: 
_ _ _ _ _ _ _ _ _ _ _ _ _ _ _ _ _ _ _ _ _ _ _ _ _ _ _ _ _ _ _ _ _ _ _ _ _ _ _ _
tests\Stegano\performance_test.py:48: in _measure_hide_reveal
    secret_img = lsb.hide(str(LENNA_PNG), message)
generation\Stegano\stegano\lsb\lsb.py:94: in hide
    img = _prepare_image(image, auto_convert_rgb=auto_convert_rgb)
_ _ _ _ _ _ _ _ _ _ _ _ _ _ _ _ _ _ _ _ _ _ _ _ _ _ _ _ _ _ _ _ _ _ _ _ _ _ _ _

image = 'D:\\桌面\\RealAppCodeBench_generic_eval\\repositories\\Stegano\\tests\\sample-files\\Lenna.png'

    def _prepare_image(
        image: Image.Image, *, auto_convert_rgb: bool = False
    ) -> Image.Image:
        """
        Makes sure the supplied image is in RGB mode (3×8-bit) because the current
        implementation depends on that layout.
        """
>       if image.mode != "RGB":
E       AttributeError: 'str' object has no attribute 'mode'

generation\Stegano\stegano\lsb\lsb.py:27: AttributeError
=========================== short test summary info ===========================
FAILED tests/Stegano/performance_test.py::test_lsb_performance_smoke - Attrib...
1 failed in 0.45s
