..FF.FF.F                                                                [100%]
================================== FAILURES ===================================
______________ test_003_help_runs_and_mentions_usage_or_options _______________

>   ???
E   AssertionError: assert 1 == 0
E    +  where 1 = CompletedProcess(args=['C:\\Users\\86152\\AppData\\Local\\Programs\\Python\\Python39\\python.exe', 'D:\\桌面\\RAL-Bench\...odule>\n    from lib.parse.cmdline import cmdLineParser\nModuleNotFoundError: No module named \'lib.parse.cmdline\'\n').returncode

D:\桌面\RealAppCodeBench_generic_eval\tests\Sqlmap\functional_test.py:58: AssertionError
_________________________ test_004_advanced_help_runs _________________________

>   ???
E   AssertionError: assert 1 == 0
E    +  where 1 = CompletedProcess(args=['C:\\Users\\86152\\AppData\\Local\\Programs\\Python\\Python39\\python.exe', 'D:\\桌面\\RAL-Bench\...odule>\n    from lib.parse.cmdline import cmdLineParser\nModuleNotFoundError: No module named \'lib.parse.cmdline\'\n').returncode

D:\桌面\RealAppCodeBench_generic_eval\tests\Sqlmap\functional_test.py:65: AssertionError
________________ test_006_invalid_option_reports_error_cleanly ________________

>   ???
E   assert ('no such option' in '\ntraceback (most recent call last):\n  file "d:\\桌面\\ral-bench\\generation\\claude-4.5-sonnet\\sqlmap\\sqlmap.py", l...module>\n    from lib.parse.cmdline import cmdlineparser\nmodulenotfounderror: no module named \'lib.parse.cmdline\'\n' or 'unrecognized' in '\ntraceback (most recent call last):\n  file "d:\\桌面\\ral-bench\\generation\\claude-4.5-sonnet\\sqlmap\\sqlmap.py", l...module>\n    from lib.parse.cmdline import cmdlineparser\nmodulenotfounderror: no module named \'lib.parse.cmdline\'\n' or 'unknown' in '\ntraceback (most recent call last):\n  file "d:\\桌面\\ral-bench\\generation\\claude-4.5-sonnet\\sqlmap\\sqlmap.py", l...module>\n    from lib.parse.cmdline import cmdlineparser\nmodulenotfounderror: no module named \'lib.parse.cmdline\'\n')

D:\桌面\RealAppCodeBench_generic_eval\tests\Sqlmap\functional_test.py:92: AssertionError
______________ test_007_alignment_api_surface_symbols_importable ______________

>   ???
E   ModuleNotFoundError: No module named 'lib.parse.cmdline'

D:\桌面\RealAppCodeBench_generic_eval\tests\Sqlmap\functional_test.py:110: ModuleNotFoundError
__________ test_009_unicode_output_dir_argument_stable_in_help_mode ___________

>   ???
E   AssertionError: assert 1 == 0
E    +  where 1 = CompletedProcess(args=['C:\\Users\\86152\\AppData\\Local\\Programs\\Python\\Python39\\python.exe', 'D:\\桌面\\RAL-Bench\...odule>\n    from lib.parse.cmdline import cmdLineParser\nModuleNotFoundError: No module named \'lib.parse.cmdline\'\n').returncode

D:\桌面\RealAppCodeBench_generic_eval\tests\Sqlmap\functional_test.py:142: AssertionError
=========================== short test summary info ===========================
FAILED tests/Sqlmap/functional_test.py::test_003_help_runs_and_mentions_usage_or_options
FAILED tests/Sqlmap/functional_test.py::test_004_advanced_help_runs - Asserti...
FAILED tests/Sqlmap/functional_test.py::test_006_invalid_option_reports_error_cleanly
FAILED tests/Sqlmap/functional_test.py::test_007_alignment_api_surface_symbols_importable
FAILED tests/Sqlmap/functional_test.py::test_009_unicode_output_dir_argument_stable_in_help_mode
5 failed, 4 passed in 1.44s
