F                                                                        [100%]
================================== FAILURES ===================================
_____________________ test_performance_help_startup_time ______________________

>   ???
E   AssertionError: assert 1 == 0
E    +  where 1 = CompletedProcess(args=['C:\\Users\\86152\\AppData\\Local\\Programs\\Python\\Python39\\python.exe', 'D:\\桌面\\RAL-Bench\...odule>\n    from lib.parse.cmdline import cmdLineParser\nModuleNotFoundError: No module named \'lib.parse.cmdline\'\n').returncode

D:\桌面\RealAppCodeBench_generic_eval\tests\Sqlmap\performance_test.py:46: AssertionError
=========================== short test summary info ===========================
FAILED tests/Sqlmap/performance_test.py::test_performance_help_startup_time
1 failed in 0.48s
