F                                                                        [100%]
================================== FAILURES ===================================
___________________ test_resource_help_invocation_rss_delta ___________________

>   ???
E   AssertionError: assert 1 == 0
E    +  where 1 = CompletedProcess(args=['C:\\Users\\86152\\AppData\\Local\\Programs\\Python\\Python39\\python.exe', 'D:\\桌面\\RAL-Bench\...odule>\n    from lib.parse.cmdline import cmdLineParser\nModuleNotFoundError: No module named \'lib.parse.cmdline\'\n').returncode

D:\桌面\RealAppCodeBench_generic_eval\tests\Sqlmap\resource_test.py:53: AssertionError
=========================== short test summary info ===========================
FAILED tests/Sqlmap/resource_test.py::test_resource_help_invocation_rss_delta
1 failed in 0.51s
