FFF..                                                                    [100%]
================================== FAILURES ===================================
___________ test_001_nonexistent_request_file_reports_missing_file ____________

>   ???
E   assert ('does not exist' in '\ntraceback (most recent call last):\n  file "d:\\桌面\\ral-bench\\generation\\claude-4.5-sonnet\\sqlmap\\sqlmap.py", l...module>\n    from lib.parse.cmdline import cmdlineparser\nmodulenotfounderror: no module named \'lib.parse.cmdline\'\n' or 'not found' in '\ntraceback (most recent call last):\n  file "d:\\桌面\\ral-bench\\generation\\claude-4.5-sonnet\\sqlmap\\sqlmap.py", l...module>\n    from lib.parse.cmdline import cmdlineparser\nmodulenotfounderror: no module named \'lib.parse.cmdline\'\n' or 'no such file' in '\ntraceback (most recent call last):\n  file "d:\\桌面\\ral-bench\\generation\\claude-4.5-sonnet\\sqlmap\\sqlmap.py", l...module>\n    from lib.parse.cmdline import cmdlineparser\nmodulenotfounderror: no module named \'lib.parse.cmdline\'\n')

D:\桌面\RealAppCodeBench_generic_eval\tests\Sqlmap\robustness_test.py:48: AssertionError
___________ test_002_invalid_scheme_url_reports_invalid_target_url ____________

>   ???
E   assert ('invalid target url' in '\ntraceback (most recent call last):\n  file "d:\\桌面\\ral-bench\\generation\\claude-4.5-sonnet\\sqlmap\\sqlmap.py", l...module>\n    from lib.parse.cmdline import cmdlineparser\nmodulenotfounderror: no module named \'lib.parse.cmdline\'\n' or 'invalid target' in '\ntraceback (most recent call last):\n  file "d:\\桌面\\ral-bench\\generation\\claude-4.5-sonnet\\sqlmap\\sqlmap.py", l...module>\n    from lib.parse.cmdline import cmdlineparser\nmodulenotfounderror: no module named \'lib.parse.cmdline\'\n')

D:\桌面\RealAppCodeBench_generic_eval\tests\Sqlmap\robustness_test.py:57: AssertionError
________ test_003_unknown_option_in_batch_mode_reports_no_such_option _________

>   ???
E   assert ('no such option' in '\ntraceback (most recent call last):\n  file "d:\\桌面\\ral-bench\\generation\\claude-4.5-sonnet\\sqlmap\\sqlmap.py", l...module>\n    from lib.parse.cmdline import cmdlineparser\nmodulenotfounderror: no module named \'lib.parse.cmdline\'\n' or 'unrecognized' in '\ntraceback (most recent call last):\n  file "d:\\桌面\\ral-bench\\generation\\claude-4.5-sonnet\\sqlmap\\sqlmap.py", l...module>\n    from lib.parse.cmdline import cmdlineparser\nmodulenotfounderror: no module named \'lib.parse.cmdline\'\n' or 'unknown' in '\ntraceback (most recent call last):\n  file "d:\\桌面\\ral-bench\\generation\\claude-4.5-sonnet\\sqlmap\\sqlmap.py", l...module>\n    from lib.parse.cmdline import cmdlineparser\nmodulenotfounderror: no module named \'lib.parse.cmdline\'\n')

D:\桌面\RealAppCodeBench_generic_eval\tests\Sqlmap\robustness_test.py:65: AssertionError
=========================== short test summary info ===========================
FAILED tests/Sqlmap/robustness_test.py::test_001_nonexistent_request_file_reports_missing_file
FAILED tests/Sqlmap/robustness_test.py::test_002_invalid_scheme_url_reports_invalid_target_url
FAILED tests/Sqlmap/robustness_test.py::test_003_unknown_option_in_batch_mode_reports_no_such_option
3 failed, 2 passed in 1.20s
