FFFFFF.....F                                                             [100%]
================================== FAILURES ===================================
_________________________ test_001_package_dir_exists _________________________

>   ???

D:\桌面\RealAppCodeBench_generic_eval\tests\Fail2ban\functional_test.py:101: 
_ _ _ _ _ _ _ _ _ _ _ _ _ _ _ _ _ _ _ _ _ _ _ _ _ _ _ _ _ _ _ _ _ _ _ _ _ _ _ _

>   ???
E   AssertionError: Expected fail2ban package directory at: D:\桌面\RAL-Bench\generation\Fail2ban\fail2ban
E   assert False
E    +  where False = is_dir()
E    +    where is_dir = WindowsPath('D:/桌面/RAL-Bench/generation/Fail2ban/fail2ban').is_dir

D:\桌面\RealAppCodeBench_generic_eval\tests\Fail2ban\functional_test.py:45: AssertionError
___________________ test_002_core_server_module_files_exist ___________________

>   ???

D:\桌面\RealAppCodeBench_generic_eval\tests\Fail2ban\functional_test.py:105: 
_ _ _ _ _ _ _ _ _ _ _ _ _ _ _ _ _ _ _ _ _ _ _ _ _ _ _ _ _ _ _ _ _ _ _ _ _ _ _ _

>   ???
E   AssertionError: Expected fail2ban package directory at: D:\桌面\RAL-Bench\generation\Fail2ban\fail2ban
E   assert False
E    +  where False = is_dir()
E    +    where is_dir = WindowsPath('D:/桌面/RAL-Bench/generation/Fail2ban/fail2ban').is_dir

D:\桌面\RealAppCodeBench_generic_eval\tests\Fail2ban\functional_test.py:45: AssertionError
____________________ test_003_jail_class_exists_statically ____________________

>   ???

D:\桌面\RealAppCodeBench_generic_eval\tests\Fail2ban\functional_test.py:111: 
_ _ _ _ _ _ _ _ _ _ _ _ _ _ _ _ _ _ _ _ _ _ _ _ _ _ _ _ _ _ _ _ _ _ _ _ _ _ _ _

>   ???
E   AssertionError: Expected fail2ban package directory at: D:\桌面\RAL-Bench\generation\Fail2ban\fail2ban
E   assert False
E    +  where False = is_dir()
E    +    where is_dir = WindowsPath('D:/桌面/RAL-Bench/generation/Fail2ban/fail2ban').is_dir

D:\桌面\RealAppCodeBench_generic_eval\tests\Fail2ban\functional_test.py:45: AssertionError
________________ test_004_filter_core_symbols_exist_statically ________________

>   ???

D:\桌面\RealAppCodeBench_generic_eval\tests\Fail2ban\functional_test.py:123: 
_ _ _ _ _ _ _ _ _ _ _ _ _ _ _ _ _ _ _ _ _ _ _ _ _ _ _ _ _ _ _ _ _ _ _ _ _ _ _ _

>   ???
E   AssertionError: Expected fail2ban package directory at: D:\桌面\RAL-Bench\generation\Fail2ban\fail2ban
E   assert False
E    +  where False = is_dir()
E    +    where is_dir = WindowsPath('D:/桌面/RAL-Bench/generation/Fail2ban/fail2ban').is_dir

D:\桌面\RealAppCodeBench_generic_eval\tests\Fail2ban\functional_test.py:45: AssertionError
______________________ test_005_config_jail_conf_exists _______________________

>   ???
E   AssertionError: Expected config/jail.conf to exist
E   assert False
E    +  where False = is_file()
E    +    where is_file = WindowsPath('D:/桌面/RAL-Bench/generation/Fail2ban/config/jail.conf').is_file

D:\桌面\RealAppCodeBench_generic_eval\tests\Fail2ban\functional_test.py:135: AssertionError
_________________________ test_006_bin_scripts_exist __________________________

>   ???
E   AssertionError: Expected bin/ directory
E   assert False
E    +  where False = is_dir()
E    +    where is_dir = WindowsPath('D:/桌面/RAL-Bench/generation/Fail2ban/bin').is_dir

D:\桌面\RealAppCodeBench_generic_eval\tests\Fail2ban\functional_test.py:141: AssertionError
___________ test_012_fail2ban_regex_matches_simple_pattern_offline ____________

>   ???
E   assert ('line' in "\nc:\\users\\86152\\appdata\\local\\programs\\python\\python39\\python.exe: can't open file 'd:\\妗岄潰\\ral-bench\\generation\\fail2ban\\bin\\fail2ban-regex': [errno 2] no such file or directory\n" or 'lines' in "\nc:\\users\\86152\\appdata\\local\\programs\\python\\python39\\python.exe: can't open file 'd:\\妗岄潰\\ral-bench\\generation\\fail2ban\\bin\\fail2ban-regex': [errno 2] no such file or directory\n")

D:\桌面\RealAppCodeBench_generic_eval\tests\Fail2ban\functional_test.py:246: AssertionError
=========================== short test summary info ===========================
FAILED tests/Fail2ban/functional_test.py::test_001_package_dir_exists - Asser...
FAILED tests/Fail2ban/functional_test.py::test_002_core_server_module_files_exist
FAILED tests/Fail2ban/functional_test.py::test_003_jail_class_exists_statically
FAILED tests/Fail2ban/functional_test.py::test_004_filter_core_symbols_exist_statically
FAILED tests/Fail2ban/functional_test.py::test_005_config_jail_conf_exists - ...
FAILED tests/Fail2ban/functional_test.py::test_006_bin_scripts_exist - Assert...
FAILED tests/Fail2ban/functional_test.py::test_012_fail2ban_regex_matches_simple_pattern_offline
7 failed, 5 passed in 0.89s
