.FF..                                                                    [100%]
================================== FAILURES ===================================
_____________ test_002_fail2ban_regex_invalid_regex_reports_error _____________

>   ???
E   assert ('error' in "\nc:\\users\\86152\\appdata\\local\\programs\\python\\python39\\python.exe: can't open file 'd:\\妗岄潰\\ral-bench\\generation\\fail2ban\\bin\\fail2ban-regex': [errno 2] no such file or directory\n" or 'exception' in "\nc:\\users\\86152\\appdata\\local\\programs\\python\\python39\\python.exe: can't open file 'd:\\妗岄潰\\ral-bench\\generation\\fail2ban\\bin\\fail2ban-regex': [errno 2] no such file or directory\n" or 're.error' in "\nc:\\users\\86152\\appdata\\local\\programs\\python\\python39\\python.exe: can't open file 'd:\\妗岄潰\\ral-bench\\generation\\fail2ban\\bin\\fail2ban-regex': [errno 2] no such file or directory\n" or 'invalid' in "\nc:\\users\\86152\\appdata\\local\\programs\\python\\python39\\python.exe: can't open file 'd:\\妗岄潰\\ral-bench\\generation\\fail2ban\\bin\\fail2ban-regex': [errno 2] no such file or directory\n")

D:\桌面\RealAppCodeBench_generic_eval\tests\Fail2ban\robustness_test.py:67: AssertionError
___________ test_003_fail2ban_client_unknown_command_reports_usage ____________

>   ???
E   assert ('usage' in "\nc:\\users\\86152\\appdata\\local\\programs\\python\\python39\\python.exe: can't open file 'd:\\妗岄潰\\ral-bench\\generation\\fail2ban\\bin\\fail2ban-client': [errno 2] no such file or directory\n" or 'unknown' in "\nc:\\users\\86152\\appdata\\local\\programs\\python\\python39\\python.exe: can't open file 'd:\\妗岄潰\\ral-bench\\generation\\fail2ban\\bin\\fail2ban-client': [errno 2] no such file or directory\n" or 'error' in "\nc:\\users\\86152\\appdata\\local\\programs\\python\\python39\\python.exe: can't open file 'd:\\妗岄潰\\ral-bench\\generation\\fail2ban\\bin\\fail2ban-client': [errno 2] no such file or directory\n")

D:\桌面\RealAppCodeBench_generic_eval\tests\Fail2ban\robustness_test.py:75: AssertionError
=========================== short test summary info ===========================
FAILED tests/Fail2ban/robustness_test.py::test_002_fail2ban_regex_invalid_regex_reports_error
FAILED tests/Fail2ban/robustness_test.py::test_003_fail2ban_client_unknown_command_reports_usage
2 failed, 3 passed in 1.14s
