FFFFF                                                                    [100%]
================================== FAILURES ===================================
______________ test_001_invalid_location_type_raises_or_handles _______________

    def test_001_invalid_location_type_raises_or_handles():
        _prepend_import_path()
>       import folium
E         File "D:\桌面\RealAppCodeBench_generic_eval\generation\Folium\folium\__init__.py", line 305
E           """
E              ^
E       SyntaxError: f-string expression part cannot include a backslash

tests\Folium\robustness_test.py:30: SyntaxError
_____________ test_002_marker_invalid_location_raises_or_handles ______________

    def test_002_marker_invalid_location_raises_or_handles():
        _prepend_import_path()
>       import folium
E         File "D:\桌面\RealAppCodeBench_generic_eval\generation\Folium\folium\__init__.py", line 305
E           """
E              ^
E       SyntaxError: f-string expression part cannot include a backslash

tests\Folium\robustness_test.py:38: SyntaxError
_______________ test_003_geojson_invalid_object_raises_cleanly ________________

    def test_003_geojson_invalid_object_raises_cleanly():
        _prepend_import_path()
>       import folium
E         File "D:\桌面\RealAppCodeBench_generic_eval\generation\Folium\folium\__init__.py", line 305
E           """
E              ^
E       SyntaxError: f-string expression part cannot include a backslash

tests\Folium\robustness_test.py:47: SyntaxError
_______________ test_004_tilelayer_unknown_tiles_does_not_crash _______________

    def test_004_tilelayer_unknown_tiles_does_not_crash():
        _prepend_import_path()
>       import folium
E         File "D:\桌面\RealAppCodeBench_generic_eval\generation\Folium\folium\__init__.py", line 305
E           """
E              ^
E       SyntaxError: f-string expression part cannot include a backslash

tests\Folium\robustness_test.py:56: SyntaxError
________________ test_005_markercluster_handles_empty_cluster _________________

    def test_005_markercluster_handles_empty_cluster():
        _prepend_import_path()
>       import folium
E         File "D:\桌面\RealAppCodeBench_generic_eval\generation\Folium\folium\__init__.py", line 305
E           """
E              ^
E       SyntaxError: f-string expression part cannot include a backslash

tests\Folium\robustness_test.py:68: SyntaxError
=========================== short test summary info ===========================
FAILED tests/Folium/robustness_test.py::test_001_invalid_location_type_raises_or_handles
FAILED tests/Folium/robustness_test.py::test_002_marker_invalid_location_raises_or_handles
FAILED tests/Folium/robustness_test.py::test_003_geojson_invalid_object_raises_cleanly
FAILED tests/Folium/robustness_test.py::test_004_tilelayer_unknown_tiles_does_not_crash
FAILED tests/Folium/robustness_test.py::test_005_markercluster_handles_empty_cluster
5 failed in 0.45s
