........FF..                                                             [100%]
================================== FAILURES ===================================
_________________ test_008_geojson_style_function_serializes __________________

    def test_008_geojson_style_function_serializes():
        _prepend_import_path()
        import folium
    
        gj = {
            "type": "FeatureCollection",
            "features": [
                {
                    "type": "Feature",
                    "properties": {"style": "x"},
                    "geometry": {"type": "Point", "coordinates": [0.0, 0.0]},
                }
            ],
        }
    
        def style_fn(feature):
            _ = feature
            return {"color": "red", "weight": 2}
    
        m = folium.Map(location=[0, 0], zoom_start=2)
        folium.GeoJson(gj, style_function=style_fn).add_to(m)
    
        html = m.get_root().render().lower()
>       assert "color" in html or "weight" in html
E       assert ('color' in '<!doctype html><html><head><meta charset="utf-8"/><meta name="viewport" content="width=device-width, initial-scale=1....:{"type":"point","coordinates":[0.0,0.0]}}]}, {});\ngeojson_24d361e1597.addto(map_24d727a1cd8);</script></body></html>' or 'weight' in '<!doctype html><html><head><meta charset="utf-8"/><meta name="viewport" content="width=device-width, initial-scale=1....:{"type":"point","coordinates":[0.0,0.0]}}]}, {});\ngeojson_24d361e1597.addto(map_24d727a1cd8);</script></body></html>')

tests\Folium\functional_test.py:144: AssertionError
________________________ test_009_map_save_writes_html ________________________

tmp_path = WindowsPath('C:/Users/86152/AppData/Local/Temp/pytest-of-86152/pytest-533/test_009_map_save_writes_html0')

    def test_009_map_save_writes_html(tmp_path: Path):
        _prepend_import_path()
        import folium
    
        out = tmp_path / "m.html"
        m = folium.Map(location=[0, 0], zoom_start=2)
>       m.save(str(out))
E       AttributeError: 'Map' object has no attribute 'save'

tests\Folium\functional_test.py:153: AttributeError
=========================== short test summary info ===========================
FAILED tests/Folium/functional_test.py::test_008_geojson_style_function_serializes
FAILED tests/Folium/functional_test.py::test_009_map_save_writes_html - Attri...
2 failed, 10 passed in 0.54s
