FF                                                                       [100%]
================================== FAILURES ===================================
____________ test_performance_large_marker_map_build_and_html_size ____________

>   ???
E   ModuleNotFoundError: No module named 'folium'

D:\桌面\RealAppCodeBench_generic_eval\tests\Folium\performance_test.py:29: ModuleNotFoundError
_____________ test_performance_markercluster_build_and_html_size ______________

>   ???
E   ModuleNotFoundError: No module named 'folium'

D:\桌面\RealAppCodeBench_generic_eval\tests\Folium\performance_test.py:49: ModuleNotFoundError
=========================== short test summary info ===========================
FAILED tests/Folium/performance_test.py::test_performance_large_marker_map_build_and_html_size
FAILED tests/Folium/performance_test.py::test_performance_markercluster_build_and_html_size
2 failed in 0.34s
