F                                                                        [100%]
================================== FAILURES ===================================
___________________ test_resource_build_medium_map_rss_cpu ____________________

>   ???
E   ModuleNotFoundError: No module named 'folium'

D:\桌面\RealAppCodeBench_generic_eval\tests\Folium\resource_test.py:31: ModuleNotFoundError
=========================== short test summary info ===========================
FAILED tests/Folium/resource_test.py::test_resource_build_medium_map_rss_cpu
1 failed in 0.47s
