FFFFF                                                                    [100%]
================================== FAILURES ===================================
______________ test_001_invalid_location_type_raises_or_handles _______________

>   ???
E   ModuleNotFoundError: No module named 'folium'

D:\桌面\RealAppCodeBench_generic_eval\tests\Folium\robustness_test.py:30: ModuleNotFoundError
_____________ test_002_marker_invalid_location_raises_or_handles ______________

>   ???
E   ModuleNotFoundError: No module named 'folium'

D:\桌面\RealAppCodeBench_generic_eval\tests\Folium\robustness_test.py:38: ModuleNotFoundError
_______________ test_003_geojson_invalid_object_raises_cleanly ________________

>   ???
E   ModuleNotFoundError: No module named 'folium'

D:\桌面\RealAppCodeBench_generic_eval\tests\Folium\robustness_test.py:47: ModuleNotFoundError
_______________ test_004_tilelayer_unknown_tiles_does_not_crash _______________

>   ???
E   ModuleNotFoundError: No module named 'folium'

D:\桌面\RealAppCodeBench_generic_eval\tests\Folium\robustness_test.py:56: ModuleNotFoundError
________________ test_005_markercluster_handles_empty_cluster _________________

>   ???
E   ModuleNotFoundError: No module named 'folium'

D:\桌面\RealAppCodeBench_generic_eval\tests\Folium\robustness_test.py:68: ModuleNotFoundError
=========================== short test summary info ===========================
FAILED tests/Folium/robustness_test.py::test_001_invalid_location_type_raises_or_handles
FAILED tests/Folium/robustness_test.py::test_002_marker_invalid_location_raises_or_handles
FAILED tests/Folium/robustness_test.py::test_003_geojson_invalid_object_raises_cleanly
FAILED tests/Folium/robustness_test.py::test_004_tilelayer_unknown_tiles_does_not_crash
FAILED tests/Folium/robustness_test.py::test_005_markercluster_handles_empty_cluster
5 failed in 0.39s
