FFFFF.FFFFF                                                              [100%]
================================== FAILURES ===================================
________________ test_simple_command_with_argument_and_option _________________

    def test_simple_command_with_argument_and_option():
        @click.command()
        @click.option("--count", "-c", type=int, default=1)
        @click.argument("name")
        def greet(count: int, name: str) -> None:
            for _ in range(count):
                click.echo(f"Hello {name}!")
    
        runner = CliRunner()
        result = runner.invoke(greet, ["--count", "3", "World"])
    
>       assert result.exit_code == 0
E       assert 1 == 0
E        +  where 1 = <Result exit_code=1 exception=AttributeError("'FakeStream' object has no attribute 'runner'")>.exit_code

tests\Click\functional_test.py:143: AssertionError
________________________ test_boolean_flag_option_pair ________________________

    def test_boolean_flag_option_pair():
        @click.command()
        @click.option("--flag/--no-flag", default=False)
        def cli(flag: bool) -> None:
            click.echo(f"FLAG={flag}")
    
        runner = CliRunner()
    
        r1 = runner.invoke(cli, ["--flag"])
>       assert r1.exit_code == 0
E       AssertionError: assert 1 == 0
E        +  where 1 = <Result exit_code=1 exception=NoSuchOption('No such option: --flag')>.exit_code

tests\Click\functional_test.py:157: AssertionError
_________________________ test_group_with_subcommands _________________________

    def test_group_with_subcommands():
        @click.group()
        def cli() -> None:
            pass
    
        @cli.command()
        @click.argument("name")
        def hello(name: str) -> None:
            click.echo(f"Hello {name}")
    
        @cli.command()
        @click.argument("name")
        def goodbye(name: str) -> None:
            click.echo(f"Goodbye {name}")
    
        runner = CliRunner()
    
        r1 = runner.invoke(cli, ["hello", "Alice"])
>       assert r1.exit_code == 0
E       assert 1 == 0
E        +  where 1 = <Result exit_code=1 exception=AttributeError("'FakeStream' object has no attribute 'runner'")>.exit_code

tests\Click\functional_test.py:183: AssertionError
___________________ test_help_output_for_command_and_group ____________________

    def test_help_output_for_command_and_group():
        @click.group(help="Top level group")
        def cli() -> None:
            pass
    
        @cli.command(help="Say hello")
        @click.option("--shout/--no-shout", default=False)
        @click.argument("name")
        def hello(name: str, shout: bool) -> None:
            msg = f"Hello {name}"
            if shout:
                msg = msg.upper()
            click.echo(msg)
    
        runner = CliRunner()
    
        group_help = runner.invoke(cli, ["--help"])
>       assert group_help.exit_code == 0
E       assert 1 == 0
E        +  where 1 = <Result exit_code=1 exception=AttributeError("'FakeStream' object has no attribute 'runner'")>.exit_code

tests\Click\functional_test.py:208: AssertionError
____________________ test_get_current_context_propagation _____________________

    def test_get_current_context_propagation():
        @click.group()
        @click.option("--config", type=str, default="default.cfg")
        def cli(config: str) -> None:
            ctx = click.get_current_context()
            ctx.obj = {"config": config}
    
        @cli.command()
        def show() -> None:
            ctx = click.get_current_context()
            cfg = ctx.obj.get("config")
            click.echo(f"CONFIG={cfg}")
    
        runner = CliRunner()
        result = runner.invoke(cli, ["--config", "custom.cfg", "show"])
    
>       assert result.exit_code == 0
E       assert 1 == 0
E        +  where 1 = <Result exit_code=1 exception=AttributeError("module 'click' has no attribute 'get_current_context'")>.exit_code

tests\Click\functional_test.py:235: AssertionError
_____________________ test_option_envvar_default_is_used ______________________

    def test_option_envvar_default_is_used():
        @click.command()
        @click.option("--name", envvar="CLICK_TEST_NAME", default="fallback")
>       def cli(name: str) -> None:

tests\Click\functional_test.py:263: 
_ _ _ _ _ _ _ _ _ _ _ _ _ _ _ _ _ _ _ _ _ _ _ _ _ _ _ _ _ _ _ _ _ _ _ _ _ _ _ _
generation_m4\Click\click\decorators.py:42: in decorator
    param = param_class(param_decls, **attrs)
_ _ _ _ _ _ _ _ _ _ _ _ _ _ _ _ _ _ _ _ _ _ _ _ _ _ _ _ _ _ _ _ _ _ _ _ _ _ _ _

self = <click.core.Option object at 0x000001E68B108670>
param_decls = ('--name',)
kwargs = {'default': 'fallback', 'envvar': 'CLICK_TEST_NAME'}

    def __init__(self, param_decls, **kwargs):
        self.is_flag = kwargs.pop('is_flag', False)
>       super().__init__(param_decls, **kwargs)
E       TypeError: __init__() got an unexpected keyword argument 'envvar'

generation_m4\Click\click\core.py:93: TypeError
________________ test_prompt_option_can_be_satisfied_via_input ________________

    def test_prompt_option_can_be_satisfied_via_input():
        @click.command()
        @click.option("--token", prompt=True)
>       def cli(token: str) -> None:

tests\Click\functional_test.py:280: 
_ _ _ _ _ _ _ _ _ _ _ _ _ _ _ _ _ _ _ _ _ _ _ _ _ _ _ _ _ _ _ _ _ _ _ _ _ _ _ _
generation_m4\Click\click\decorators.py:42: in decorator
    param = param_class(param_decls, **attrs)
_ _ _ _ _ _ _ _ _ _ _ _ _ _ _ _ _ _ _ _ _ _ _ _ _ _ _ _ _ _ _ _ _ _ _ _ _ _ _ _

self = <click.core.Option object at 0x000001E68B1916A0>
param_decls = ('--token',), kwargs = {'prompt': True}

    def __init__(self, param_decls, **kwargs):
        self.is_flag = kwargs.pop('is_flag', False)
>       super().__init__(param_decls, **kwargs)
E       TypeError: __init__() got an unexpected keyword argument 'prompt'

generation_m4\Click\click\core.py:93: TypeError
_______________ test_default_map_provides_default_option_value ________________

    def test_default_map_provides_default_option_value():
        @click.group()
        def cli() -> None:
            pass
    
        @cli.command()
        @click.option("--count", type=int, default=1)
        def run(count: int) -> None:
            click.echo(f"COUNT={count}")
    
        runner = CliRunner()
>       r = runner.invoke(cli, ["run"], default_map={"run": {"count": 7}})
E       TypeError: invoke() got an unexpected keyword argument 'default_map'

tests\Click\functional_test.py:300: TypeError
_______________ test_parameter_type_validation_error_exit_code ________________

    def test_parameter_type_validation_error_exit_code():
        @click.command()
        @click.option("--count", type=int, required=True)
        def cli(count: int) -> None:
            click.echo(f"COUNT={count}")
    
        runner = CliRunner()
        r = runner.invoke(cli, ["--count", "not-an-int"])
        assert r.exit_code != 0
>       assert ("Invalid value" in r.output) or ("Error" in r.output)
E       assert ('Invalid value' in '' or 'Error' in '')
E        +  where '' = <Result exit_code=1 exception=BadParameter("invalid value for count: 'not-an-int' is not a valid int")>.output
E        +  and   '' = <Result exit_code=1 exception=BadParameter("invalid value for count: 'not-an-int' is not a valid int")>.output

tests\Click\functional_test.py:314: AssertionError
_____________ test_path_type_creates_writable_path_in_isolated_fs _____________

    def test_path_type_creates_writable_path_in_isolated_fs():
        @click.command()
>       @click.option("--out", type=click.Path(dir_okay=False, writable=True))
E       AttributeError: module 'click' has no attribute 'Path'

tests\Click\functional_test.py:319: AttributeError
=========================== short test summary info ===========================
FAILED tests/Click/functional_test.py::test_simple_command_with_argument_and_option
FAILED tests/Click/functional_test.py::test_boolean_flag_option_pair - Assert...
FAILED tests/Click/functional_test.py::test_group_with_subcommands - assert 1...
FAILED tests/Click/functional_test.py::test_help_output_for_command_and_group
FAILED tests/Click/functional_test.py::test_get_current_context_propagation
FAILED tests/Click/functional_test.py::test_option_envvar_default_is_used - T...
FAILED tests/Click/functional_test.py::test_prompt_option_can_be_satisfied_via_input
FAILED tests/Click/functional_test.py::test_default_map_provides_default_option_value
FAILED tests/Click/functional_test.py::test_parameter_type_validation_error_exit_code
FAILED tests/Click/functional_test.py::test_path_type_creates_writable_path_in_isolated_fs
10 failed, 1 passed in 3.17s
