F                                                                        [100%]
================================== FAILURES ===================================
______________ test_click_robustness_invalid_inputs_do_not_crash ______________

>   ???

D:\桌面\RealAppCodeBench_generic_eval\tests\Click\robustness_test.py:92: 
_ _ _ _ _ _ _ _ _ _ _ _ _ _ _ _ _ _ _ _ _ _ _ _ _ _ _ _ _ _ _ _ _ _ _ _ _ _ _ _
D:\桌面\RealAppCodeBench_generic_eval\tests\Click\robustness_test.py:68: in _import_click
    ???
generation\claude-4.5-sonnet\Click\click\__init__.py:5: in <module>
    from .core import (
_ _ _ _ _ _ _ _ _ _ _ _ _ _ _ _ _ _ _ _ _ _ _ _ _ _ _ _ _ _ _ _ _ _ _ _ _ _ _ _

    """
    Core Click classes.
    """
    
    import sys
    import inspect
    from .exceptions import ClickException, UsageError, BadParameter, Abort
>   from .utils import make_str, make_default_short_help
E   ModuleNotFoundError: No module named 'click.utils'

generation\claude-4.5-sonnet\Click\click\core.py:8: ModuleNotFoundError
=========================== short test summary info ===========================
FAILED tests/Click/robustness_test.py::test_click_robustness_invalid_inputs_do_not_crash
1 failed in 0.35s
