.F........                                                               [100%]
================================== FAILURES ===================================
_________________________ test_cmdline_parse_defaults _________________________

    def test_cmdline_parse_defaults():
        ns = cmd_mitmdump.parse_args([])
        assert ns.listen_port == 8080
>       assert ns.listen_host == "127.0.0.1"
E       AssertionError: assert '' == '127.0.0.1'
E         
E         - 127.0.0.1

generation_m1\Mitmproxy\_agent_tests\test_agent_basic.py:26: AssertionError
=========================== short test summary info ===========================
FAILED generation_m1/Mitmproxy/_agent_tests/test_agent_basic.py::test_cmdline_parse_defaults
1 failed, 9 passed in 0.48s
