.....FFFF.F..F.                                                          [100%]
================================== FAILURES ===================================
________________ test_kmf_cumulative_density_is_non_decreasing ________________

>   ???
E   AttributeError: 'KaplanMeierFitter' object has no attribute 'cumulative_density_'

D:\桌面\RealAppCodeBench_generic_eval\tests\Lifelines\functional_test.py:170: AttributeError
__________________ test_kmf_event_table_has_standard_columns __________________

>   ???
E   AssertionError: assert 'removed' in Index(['at_risk', 'observed'], dtype='object')
E    +  where Index(['at_risk', 'observed'], dtype='object') =    at_risk  observed\n2        6         1\n3        5         0\n4        4         1\n5        3         1\n6        2         1.columns

D:\桌面\RealAppCodeBench_generic_eval\tests\Lifelines\functional_test.py:185: AssertionError
_____________ test_kmf_confidence_interval_matches_survival_index _____________

>   ???
E   AttributeError: 'KaplanMeierFitter' object has no attribute 'confidence_interval_'

D:\桌面\RealAppCodeBench_generic_eval\tests\Lifelines\functional_test.py:192: AttributeError
___________ test_kmf_median_survival_time_is_within_duration_range ____________

>   ???
E   AttributeError: 'KaplanMeierFitter' object has no attribute 'median_survival_time_'

D:\桌面\RealAppCodeBench_generic_eval\tests\Lifelines\functional_test.py:206: AttributeError
___________ test_coxph_baseline_cumulative_hazard_is_non_decreasing ___________

>   ???
E   AttributeError: 'CoxPHFitter' object has no attribute 'baseline_cumulative_hazard_'

D:\桌面\RealAppCodeBench_generic_eval\tests\Lifelines\functional_test.py:225: AttributeError
________________ test_coxph_concordance_index_in_unit_interval ________________

>   ???
E   AttributeError: 'CoxPHFitter' object has no attribute 'concordance_index_'

D:\桌面\RealAppCodeBench_generic_eval\tests\Lifelines\functional_test.py:269: AttributeError
=========================== short test summary info ===========================
FAILED tests/Lifelines/functional_test.py::test_kmf_cumulative_density_is_non_decreasing
FAILED tests/Lifelines/functional_test.py::test_kmf_event_table_has_standard_columns
FAILED tests/Lifelines/functional_test.py::test_kmf_confidence_interval_matches_survival_index
FAILED tests/Lifelines/functional_test.py::test_kmf_median_survival_time_is_within_duration_range
FAILED tests/Lifelines/functional_test.py::test_coxph_baseline_cumulative_hazard_is_non_decreasing
FAILED tests/Lifelines/functional_test.py::test_coxph_concordance_index_in_unit_interval
6 failed, 9 passed in 2.54s
