FFFFFFFFFFFF                                                             [100%]
================================== FAILURES ===================================
________________________ test_basic_every_and_run_all _________________________

    def test_basic_every_and_run_all() -> None:
        """every(...).seconds/minutes + run_all execute jobs."""
>       _clear()

tests\Schedule\functional_test.py:88: 
_ _ _ _ _ _ _ _ _ _ _ _ _ _ _ _ _ _ _ _ _ _ _ _ _ _ _ _ _ _ _ _ _ _ _ _ _ _ _ _

    def _clear() -> None:
>       schedule.clear()
E       AttributeError: module 'schedule' has no attribute 'clear'

tests\Schedule\functional_test.py:64: AttributeError
_________________________ test_tags_and_clear_by_tag __________________________

    def test_tags_and_clear_by_tag() -> None:
        """Jobs can be tagged, selected by tag, and cleared by tag."""
>       _clear()

tests\Schedule\functional_test.py:112: 
_ _ _ _ _ _ _ _ _ _ _ _ _ _ _ _ _ _ _ _ _ _ _ _ _ _ _ _ _ _ _ _ _ _ _ _ _ _ _ _

    def _clear() -> None:
>       schedule.clear()
E       AttributeError: module 'schedule' has no attribute 'clear'

tests\Schedule\functional_test.py:64: AttributeError
_____________________ test_cancel_job_removes_single_job ______________________

    def test_cancel_job_removes_single_job() -> None:
        """cancel_job removes a single job from the scheduler."""
>       _clear()

tests\Schedule\functional_test.py:139: 
_ _ _ _ _ _ _ _ _ _ _ _ _ _ _ _ _ _ _ _ _ _ _ _ _ _ _ _ _ _ _ _ _ _ _ _ _ _ _ _

    def _clear() -> None:
>       schedule.clear()
E       AttributeError: module 'schedule' has no attribute 'clear'

tests\Schedule\functional_test.py:64: AttributeError
__________________ test_repeat_decorator_registers_and_runs ___________________

    def test_repeat_decorator_registers_and_runs() -> None:
        """@repeat(every(...)) schedules a function correctly and run_all triggers it."""
>       _clear()

tests\Schedule\functional_test.py:161: 
_ _ _ _ _ _ _ _ _ _ _ _ _ _ _ _ _ _ _ _ _ _ _ _ _ _ _ _ _ _ _ _ _ _ _ _ _ _ _ _

    def _clear() -> None:
>       schedule.clear()
E       AttributeError: module 'schedule' has no attribute 'clear'

tests\Schedule\functional_test.py:64: AttributeError
_______________ test_run_pending_executes_due_job_without_sleep _______________

    def test_run_pending_executes_due_job_without_sleep() -> None:
        """run_pending executes jobs that are due, without relying on real time waiting."""
>       _clear()

tests\Schedule\functional_test.py:178: 
_ _ _ _ _ _ _ _ _ _ _ _ _ _ _ _ _ _ _ _ _ _ _ _ _ _ _ _ _ _ _ _ _ _ _ _ _ _ _ _

    def _clear() -> None:
>       schedule.clear()
E       AttributeError: module 'schedule' has no attribute 'clear'

tests\Schedule\functional_test.py:64: AttributeError
_______________ test_job_next_run_is_datetime_after_scheduling ________________

    def test_job_next_run_is_datetime_after_scheduling() -> None:
        """A newly scheduled job should have a next_run datetime set."""
>       _clear()

tests\Schedule\functional_test.py:193: 
_ _ _ _ _ _ _ _ _ _ _ _ _ _ _ _ _ _ _ _ _ _ _ _ _ _ _ _ _ _ _ _ _ _ _ _ _ _ _ _

    def _clear() -> None:
>       schedule.clear()
E       AttributeError: module 'schedule' has no attribute 'clear'

tests\Schedule\functional_test.py:64: AttributeError
______________ test_every_day_at_sets_time_component_in_next_run ______________

    def test_every_day_at_sets_time_component_in_next_run() -> None:
        """Scheduling with .day.at('HH:MM') should include that time in the next_run."""
>       _clear()

tests\Schedule\functional_test.py:205: 
_ _ _ _ _ _ _ _ _ _ _ _ _ _ _ _ _ _ _ _ _ _ _ _ _ _ _ _ _ _ _ _ _ _ _ _ _ _ _ _

    def _clear() -> None:
>       schedule.clear()
E       AttributeError: module 'schedule' has no attribute 'clear'

tests\Schedule\functional_test.py:64: AttributeError
______________ test_weekday_scheduling_creates_job_and_next_run _______________

    def test_weekday_scheduling_creates_job_and_next_run() -> None:
        """Weekday scheduling (e.g., monday) should create a job with next_run."""
>       _clear()

tests\Schedule\functional_test.py:219: 
_ _ _ _ _ _ _ _ _ _ _ _ _ _ _ _ _ _ _ _ _ _ _ _ _ _ _ _ _ _ _ _ _ _ _ _ _ _ _ _

    def _clear() -> None:
>       schedule.clear()
E       AttributeError: module 'schedule' has no attribute 'clear'

tests\Schedule\functional_test.py:64: AttributeError
________________ test_every_to_creates_job_with_interval_range ________________

    def test_every_to_creates_job_with_interval_range() -> None:
        """every(A).to(B).seconds should create a job and be runnable via run_all."""
>       _clear()

tests\Schedule\functional_test.py:233: 
_ _ _ _ _ _ _ _ _ _ _ _ _ _ _ _ _ _ _ _ _ _ _ _ _ _ _ _ _ _ _ _ _ _ _ _ _ _ _ _

    def _clear() -> None:
>       schedule.clear()
E       AttributeError: module 'schedule' has no attribute 'clear'

tests\Schedule\functional_test.py:64: AttributeError
______________________ test_idle_seconds_returns_number _______________________

    def test_idle_seconds_returns_number() -> None:
        """idle_seconds should return a numeric value when jobs exist."""
>       _clear()

tests\Schedule\functional_test.py:248: 
_ _ _ _ _ _ _ _ _ _ _ _ _ _ _ _ _ _ _ _ _ _ _ _ _ _ _ _ _ _ _ _ _ _ _ _ _ _ _ _

    def _clear() -> None:
>       schedule.clear()
E       AttributeError: module 'schedule' has no attribute 'clear'

tests\Schedule\functional_test.py:64: AttributeError
_____________________ test_get_jobs_by_tag_filters_subset _____________________

    def test_get_jobs_by_tag_filters_subset() -> None:
        """get_jobs(tag) should return only jobs with that tag."""
>       _clear()

tests\Schedule\functional_test.py:261: 
_ _ _ _ _ _ _ _ _ _ _ _ _ _ _ _ _ _ _ _ _ _ _ _ _ _ _ _ _ _ _ _ _ _ _ _ _ _ _ _

    def _clear() -> None:
>       schedule.clear()
E       AttributeError: module 'schedule' has no attribute 'clear'

tests\Schedule\functional_test.py:64: AttributeError
______________________ test_run_all_sets_last_run_on_job ______________________

    def test_run_all_sets_last_run_on_job() -> None:
        """After running, last_run should be populated on the job in typical implementations."""
>       _clear()

tests\Schedule\functional_test.py:285: 
_ _ _ _ _ _ _ _ _ _ _ _ _ _ _ _ _ _ _ _ _ _ _ _ _ _ _ _ _ _ _ _ _ _ _ _ _ _ _ _

    def _clear() -> None:
>       schedule.clear()
E       AttributeError: module 'schedule' has no attribute 'clear'

tests\Schedule\functional_test.py:64: AttributeError
=========================== short test summary info ===========================
FAILED tests/Schedule/functional_test.py::test_basic_every_and_run_all - Attr...
FAILED tests/Schedule/functional_test.py::test_tags_and_clear_by_tag - Attrib...
FAILED tests/Schedule/functional_test.py::test_cancel_job_removes_single_job
FAILED tests/Schedule/functional_test.py::test_repeat_decorator_registers_and_runs
FAILED tests/Schedule/functional_test.py::test_run_pending_executes_due_job_without_sleep
FAILED tests/Schedule/functional_test.py::test_job_next_run_is_datetime_after_scheduling
FAILED tests/Schedule/functional_test.py::test_every_day_at_sets_time_component_in_next_run
FAILED tests/Schedule/functional_test.py::test_weekday_scheduling_creates_job_and_next_run
FAILED tests/Schedule/functional_test.py::test_every_to_creates_job_with_interval_range
FAILED tests/Schedule/functional_test.py::test_idle_seconds_returns_number - ...
FAILED tests/Schedule/functional_test.py::test_get_jobs_by_tag_filters_subset
FAILED tests/Schedule/functional_test.py::test_run_all_sets_last_run_on_job
12 failed in 0.69s
