.F....F.FFF.                                                             [100%]
================================== FAILURES ===================================
_______________________ test_multiple_tables_isolation ________________________

tmp_path = WindowsPath('C:/Users/86152/AppData/Local/Temp/pytest-of-86152/pytest-711/test_multiple_tables_isolation0')

>   ???
E   TypeError: object of type 'Table' has no len()

D:\桌面\RealAppCodeBench_generic_eval\tests\TinyDB\functional_test.py:88: TypeError
___________________________ test_contains_and_count ___________________________

tmp_path = WindowsPath('C:/Users/86152/AppData/Local/Temp/pytest-of-86152/pytest-711/test_contains_and_count0')

>   ???
E   AttributeError: 'TinyDB' object has no attribute 'contains'

D:\桌面\RealAppCodeBench_generic_eval\tests\TinyDB\functional_test.py:180: AttributeError
_________________ test_table_truncate_clears_only_that_table __________________

tmp_path = WindowsPath('C:/Users/86152/AppData/Local/Temp/pytest-of-86152/pytest-711/test_table_truncate_clears_onl0')

>   ???
E   TypeError: object of type 'Table' has no len()

D:\桌面\RealAppCodeBench_generic_eval\tests\TinyDB\functional_test.py:215: TypeError
____________________________ test_update_by_doc_id ____________________________

tmp_path = WindowsPath('C:/Users/86152/AppData/Local/Temp/pytest-of-86152/pytest-711/test_update_by_doc_id0')

>   ???
E   TypeError: object of type 'Table' has no len()

D:\桌面\RealAppCodeBench_generic_eval\tests\TinyDB\functional_test.py:231: TypeError
____________________________ test_remove_by_doc_id ____________________________

tmp_path = WindowsPath('C:/Users/86152/AppData/Local/Temp/pytest-of-86152/pytest-711/test_remove_by_doc_id0')

>   ???
E   TypeError: object of type 'Table' has no len()

D:\桌面\RealAppCodeBench_generic_eval\tests\TinyDB\functional_test.py:249: TypeError
=========================== short test summary info ===========================
FAILED tests/TinyDB/functional_test.py::test_multiple_tables_isolation - Type...
FAILED tests/TinyDB/functional_test.py::test_contains_and_count - AttributeEr...
FAILED tests/TinyDB/functional_test.py::test_table_truncate_clears_only_that_table
FAILED tests/TinyDB/functional_test.py::test_update_by_doc_id - TypeError: ob...
FAILED tests/TinyDB/functional_test.py::test_remove_by_doc_id - TypeError: ob...
5 failed, 7 passed in 0.48s
