...F...FF.                                                               [100%]
================================== FAILURES ===================================
_____________________ test_png_roundtrip_via_bytes_buffer _____________________

    def test_png_roundtrip_via_bytes_buffer() -> None:
        """Write PNG to in-memory bytes, then read back using extension."""
        img = _make_color_image(height=20, width=31)
    
>       blob = iio.imwrite("<bytes>", img, extension=".png")
E       TypeError: imwrite() got an unexpected keyword argument 'extension'

tests\Imageio\functional_test.py:139: TypeError
___________ test_gif_imread_index0_matches_first_imiter_frame_shape ___________

tmp_path = WindowsPath('C:/Users/86152/AppData/Local/Temp/pytest-of-86152/pytest-467/test_gif_imread_index0_matches0')

    def test_gif_imread_index0_matches_first_imiter_frame_shape(tmp_path: Path) -> None:
        """Read first GIF frame using both index=0 and imiter; verify consistent spatial shape."""
        frames = _make_grayscale_frames(num_frames=4, height=19, width=23)
        path = tmp_path / "index0.gif"
    
        iio.imwrite(path, frames)
        assert path.exists()
    
>       first_by_index = iio.imread(path, index=0)
E       TypeError: imread() got an unexpected keyword argument 'index'

tests\Imageio\functional_test.py:206: TypeError
_______________________ test_imopen_write_then_read_png _______________________

tmp_path = WindowsPath('C:/Users/86152/AppData/Local/Temp/pytest-of-86152/pytest-467/test_imopen_write_then_read_pn0')

    def test_imopen_write_then_read_png(tmp_path: Path) -> None:
        """Use the v3 imopen context manager to write then read a PNG."""
        img = _make_color_image(height=16, width=20)
        path = tmp_path / "imopen.png"
    
>       with iio.imopen(path, "w") as f:
E       AttributeError: module 'imageio.v3' has no attribute 'imopen'

tests\Imageio\functional_test.py:221: AttributeError
=========================== short test summary info ===========================
FAILED tests/Imageio/functional_test.py::test_png_roundtrip_via_bytes_buffer
FAILED tests/Imageio/functional_test.py::test_gif_imread_index0_matches_first_imiter_frame_shape
FAILED tests/Imageio/functional_test.py::test_imopen_write_then_read_png - At...
3 failed, 7 passed in 0.93s
