........FFF                                                              [100%]
================================== FAILURES ===================================
________________ test_009_proxy_mode_specs_mentions_ProxyMode _________________

>   ???
E   AssertionError: assert False
E    +  where False = is_file()
E    +    where is_file = WindowsPath('D:/桌面/RAL-Bench/generation/claude-4.5-sonnet/Mitmproxy/mitmproxy/proxy/mode_specs.py').is_file

D:\桌面\RealAppCodeBench_generic_eval\tests\Mitmproxy\functional_test.py:156: AssertionError
_________ test_010_conditional_import_http_module_depends_on_OpenSSL __________

>   ???
E   Failed: DID NOT RAISE <class 'ModuleNotFoundError'>

D:\桌面\RealAppCodeBench_generic_eval\tests\Mitmproxy\functional_test.py:173: Failed
_______ test_011_conditional_import_tools_main_depends_on_mitmproxy_rs ________

>   ???
E   Failed: DID NOT RAISE <class 'ModuleNotFoundError'>

D:\桌面\RealAppCodeBench_generic_eval\tests\Mitmproxy\functional_test.py:190: Failed
=========================== short test summary info ===========================
FAILED tests/Mitmproxy/functional_test.py::test_009_proxy_mode_specs_mentions_ProxyMode
FAILED tests/Mitmproxy/functional_test.py::test_010_conditional_import_http_module_depends_on_OpenSSL
FAILED tests/Mitmproxy/functional_test.py::test_011_conditional_import_tools_main_depends_on_mitmproxy_rs
3 failed, 8 passed in 0.44s
