.FF.F                                                                    [100%]
================================== FAILURES ===================================
____________ test_002_missing_OpenSSL_is_handled_deterministically ____________

>   ???
E   Failed: DID NOT RAISE <class 'ModuleNotFoundError'>

D:\桌面\RealAppCodeBench_generic_eval\tests\Mitmproxy\robustness_test.py:55: Failed
_________ test_003_missing_mitmproxy_rs_is_handled_deterministically __________

>   ???
E   Failed: DID NOT RAISE <class 'ModuleNotFoundError'>

D:\桌面\RealAppCodeBench_generic_eval\tests\Mitmproxy\robustness_test.py:69: Failed
________________ test_005_static_mode_specs_mentions_examples _________________

>   ???
E   AssertionError: assert False
E    +  where False = is_file()
E    +    where is_file = WindowsPath('D:/桌面/RAL-Bench/generation/claude-4.5-sonnet/Mitmproxy/mitmproxy/proxy/mode_specs.py').is_file

D:\桌面\RealAppCodeBench_generic_eval\tests\Mitmproxy\robustness_test.py:85: AssertionError
=========================== short test summary info ===========================
FAILED tests/Mitmproxy/robustness_test.py::test_002_missing_OpenSSL_is_handled_deterministically
FAILED tests/Mitmproxy/robustness_test.py::test_003_missing_mitmproxy_rs_is_handled_deterministically
FAILED tests/Mitmproxy/robustness_test.py::test_005_static_mode_specs_mentions_examples
3 failed, 2 passed in 0.45s
