...F........                                                             [100%]
================================== FAILURES ===================================
___________________ test_lsb_roundtrip_generator_and_shift ____________________

    def test_lsb_roundtrip_generator_and_shift():
        img = Image.new("RGB", (80, 80), (10, 20, 30))
        msg = "generator message"
        out = lsb.hide(img, msg, generator=eratosthenes(), shift=10)
        assert lsb.reveal(out, generator=eratosthenes(), shift=10) == msg
        with pytest.raises(Exception):
            # wrong shift should not successfully decode
>           lsb.reveal(out, generator=eratosthenes(), shift=0)
E           Failed: DID NOT RAISE <class 'Exception'>

generation_m1\Stegano\_agent_tests\test_agent_basic.py:39: Failed
=========================== short test summary info ===========================
FAILED generation_m1/Stegano/_agent_tests/test_agent_basic.py::test_lsb_roundtrip_generator_and_shift
1 failed, 11 passed in 0.81s
