F                                                                        [100%]
================================== FAILURES ===================================
_______________________ test_schedule_performance_smoke _______________________

    def test_schedule_performance_smoke() -> None:
        """Simple performance sanity check for the scheduler."""
>       avg = _measure_scheduler_run_all()

tests\Schedule\performance_test.py:46: 
_ _ _ _ _ _ _ _ _ _ _ _ _ _ _ _ _ _ _ _ _ _ _ _ _ _ _ _ _ _ _ _ _ _ _ _ _ _ _ _

num_jobs = 500, num_runs = 5

    def _measure_scheduler_run_all(num_jobs: int = 500, num_runs: int = 5) -> float:
        """Register a number of jobs and call run_all several times."""
>       schedule.clear()
E       AttributeError: module 'schedule' has no attribute 'clear'

tests\Schedule\performance_test.py:25: AttributeError
=========================== short test summary info ===========================
FAILED tests/Schedule/performance_test.py::test_schedule_performance_smoke - ...
1 failed in 0.33s
