FFF                                                                      [100%]
================================== FAILURES ===================================
___________ test_model_required_optional_defaults_and_serialization ___________

    def test_model_required_optional_defaults_and_serialization():
>       class M(SQLModel):

generation_m1\SQLModel\_agent_tests\test_agent_basic.py:8: 
_ _ _ _ _ _ _ _ _ _ _ _ _ _ _ _ _ _ _ _ _ _ _ _ _ _ _ _ _ _ _ _ _ _ _ _ _ _ _ _

    class M(SQLModel):
        a: int
        b: int = 1
>       c: str | None
E       TypeError: unsupported operand type(s) for |: 'type' and 'NoneType'

generation_m1\SQLModel\_agent_tests\test_agent_basic.py:11: TypeError
____________ test_table_create_insert_select_where_refresh_update _____________

    def test_table_create_insert_select_where_refresh_update():
>       class Hero(SQLModel, table=True):

generation_m1\SQLModel\_agent_tests\test_agent_basic.py:32: 
_ _ _ _ _ _ _ _ _ _ _ _ _ _ _ _ _ _ _ _ _ _ _ _ _ _ _ _ _ _ _ _ _ _ _ _ _ _ _ _

    class Hero(SQLModel, table=True):
>       id: int | None = Field(default=None, primary_key=True)
E       TypeError: unsupported operand type(s) for |: 'type' and 'NoneType'

generation_m1\SQLModel\_agent_tests\test_agent_basic.py:33: TypeError
________________ test_relationship_ignored_by_columns_and_dict ________________

    def test_relationship_ignored_by_columns_and_dict():
>       class Team(SQLModel, table=True):

generation_m1\SQLModel\_agent_tests\test_agent_basic.py:75: 
_ _ _ _ _ _ _ _ _ _ _ _ _ _ _ _ _ _ _ _ _ _ _ _ _ _ _ _ _ _ _ _ _ _ _ _ _ _ _ _

    class Team(SQLModel, table=True):
>       id: int | None = Field(default=None, primary_key=True)
E       TypeError: unsupported operand type(s) for |: 'type' and 'NoneType'

generation_m1\SQLModel\_agent_tests\test_agent_basic.py:76: TypeError
=========================== short test summary info ===========================
FAILED generation_m1/SQLModel/_agent_tests/test_agent_basic.py::test_model_required_optional_defaults_and_serialization
FAILED generation_m1/SQLModel/_agent_tests/test_agent_basic.py::test_table_create_insert_select_where_refresh_update
FAILED generation_m1/SQLModel/_agent_tests/test_agent_basic.py::test_relationship_ignored_by_columns_and_dict
3 failed in 0.52s
