...ss.Fs.sss                                                             [100%]
================================== FAILURES ===================================
_____________________ test_sort_descending_orders_values ______________________

>   ???
E   TypeError: sort() got an unexpected keyword argument 'reverse'

D:\桌面\RealAppCodeBench_generic_eval\tests\Petl\functional_test.py:278: TypeError
=========================== short test summary info ===========================
FAILED tests/Petl/functional_test.py::test_sort_descending_orders_values - Ty...
1 failed, 5 passed, 6 skipped in 0.41s
