F                                                                        [100%]
================================== FAILURES ===================================
_______________________ test_mailpile_performance_smoke _______________________

    def test_mailpile_performance_smoke() -> None:
>       metrics = run_mailpile_performance_benchmark(iterations=500)

tests\Mailpile\performance_test.py:146: 
_ _ _ _ _ _ _ _ _ _ _ _ _ _ _ _ _ _ _ _ _ _ _ _ _ _ _ _ _ _ _ _ _ _ _ _ _ _ _ _

iterations = 500

    def run_mailpile_performance_benchmark(iterations: int = 2000) -> Dict[str, float]:
        """Time repeated VCard line serialization (representative pure-Python workload)."""
    
>       vcl = VCardLine(name="bogus", value=("B" * 100) + "C")
E       TypeError: __init__() got an unexpected keyword argument 'name'

tests\Mailpile\performance_test.py:131: TypeError
=========================== short test summary info ===========================
FAILED tests/Mailpile/performance_test.py::test_mailpile_performance_smoke - ...
1 failed in 0.41s
