......F.....                                                             [100%]
================================== FAILURES ===================================
________ test_007_no_command_suggests_python_when_only_python_in_path _________

tmp_path = WindowsPath('C:/Users/86152/AppData/Local/Temp/pytest-of-86152/pytest-701/test_007_no_command_suggests_p0')

>   ???
E   AssertionError: expected suggestion to contain 'python', got: 'pythno -v'
E   assert 'python' in 'pythno -v'

D:\桌面\RealAppCodeBench_generic_eval\tests\TheFuck\functional_test.py:195: AssertionError
=========================== short test summary info ===========================
FAILED tests/TheFuck/functional_test.py::test_007_no_command_suggests_python_when_only_python_in_path
1 failed, 11 passed in 0.36s
