.........F                                                               [100%]
================================== FAILURES ===================================
_____________________ test_safepopen_disallows_shell_true _____________________

    def test_safepopen_disallows_shell_true():
        with pytest.raises(ValueError):
>           SafePopen("echo hi", shell=True)
E           Failed: DID NOT RAISE <class 'ValueError'>

generation_m1\Mailpile\_agent_tests\test_agent_basic.py:100: Failed
-------------------------- Captured stdout teardown ---------------------------
hi

=========================== short test summary info ===========================
FAILED generation_m1/Mailpile/_agent_tests/test_agent_basic.py::test_safepopen_disallows_shell_true
1 failed, 9 passed in 0.73s
