........F.                                                               [100%]
================================== FAILURES ===================================
___________________ test_safe_popen_backtick_stdout_stderr ____________________

    def test_safe_popen_backtick_stdout_stderr():
        rc, out, err = backtick([sys.executable, "-c", 'print("hi")'])
        assert rc == 0
>       assert out == "hi\n"
E       AssertionError: assert 'hi\r\n' == 'hi\n'
E         
E         - hi
E         + hi
E         ?   +

generation_m1\Mailpile\_agent_tests\test_agent_basic.py:89: AssertionError
=========================== short test summary info ===========================
FAILED generation_m1/Mailpile/_agent_tests/test_agent_basic.py::test_safe_popen_backtick_stdout_stderr
1 failed, 9 passed in 0.71s
