FFFFFFFFFFFF                                                             [100%]
================================== FAILURES ===================================
__________________________ test_simple_hello_command __________________________

    def test_simple_hello_command() -> None:
>       app = _create_greeter_app()

tests\Typer\functional_test.py:197: 
_ _ _ _ _ _ _ _ _ _ _ _ _ _ _ _ _ _ _ _ _ _ _ _ _ _ _ _ _ _ _ _ _ _ _ _ _ _ _ _

    def _create_greeter_app() -> typer.Typer:
        """
        Single-command style app (callback-only):
          app NAME [--excited]
        """
        app = typer.Typer()
    
>       @app.callback(invoke_without_command=True)
E       TypeError: 'NoneType' object is not callable

tests\Typer\functional_test.py:70: TypeError
______________________ test_simple_hello_command_excited ______________________

    def test_simple_hello_command_excited() -> None:
>       app = _create_greeter_app()

tests\Typer\functional_test.py:204: 
_ _ _ _ _ _ _ _ _ _ _ _ _ _ _ _ _ _ _ _ _ _ _ _ _ _ _ _ _ _ _ _ _ _ _ _ _ _ _ _

    def _create_greeter_app() -> typer.Typer:
        """
        Single-command style app (callback-only):
          app NAME [--excited]
        """
        app = typer.Typer()
    
>       @app.callback(invoke_without_command=True)
E       TypeError: 'NoneType' object is not callable

tests\Typer\functional_test.py:70: TypeError
_______________ test_greeter_help_mentions_option_and_argument ________________

    def test_greeter_help_mentions_option_and_argument() -> None:
>       app = _create_greeter_app()

tests\Typer\functional_test.py:212: 
_ _ _ _ _ _ _ _ _ _ _ _ _ _ _ _ _ _ _ _ _ _ _ _ _ _ _ _ _ _ _ _ _ _ _ _ _ _ _ _

    def _create_greeter_app() -> typer.Typer:
        """
        Single-command style app (callback-only):
          app NAME [--excited]
        """
        app = typer.Typer()
    
>       @app.callback(invoke_without_command=True)
E       TypeError: 'NoneType' object is not callable

tests\Typer\functional_test.py:70: TypeError
_____________________ test_todo_list_empty_shows_no_tasks _____________________

    def test_todo_list_empty_shows_no_tasks() -> None:
>       app = _create_todo_app()

tests\Typer\functional_test.py:221: 
_ _ _ _ _ _ _ _ _ _ _ _ _ _ _ _ _ _ _ _ _ _ _ _ _ _ _ _ _ _ _ _ _ _ _ _ _ _ _ _
tests\Typer\functional_test.py:92: in _create_todo_app
    def add(title: str) -> None:
generation\Typer\typer\__init__.py:196: in decorator
    params = _build_click_params(fn)
generation\Typer\typer\__init__.py:160: in _build_click_params
    argument = click.Argument(decls, **kwargs)
C:\Users\86152\AppData\Local\Programs\Python\Python39\lib\site-packages\click\core.py:2994: in __init__
    super().__init__(param_decls, required=required, **attrs)
C:\Users\86152\AppData\Local\Programs\Python\Python39\lib\site-packages\click\core.py:2114: in __init__
    self.type: types.ParamType = types.convert_type(type, default)
C:\Users\86152\AppData\Local\Programs\Python\Python39\lib\site-packages\click\types.py:1056: in convert_type
    return FuncParamType(ty)
_ _ _ _ _ _ _ _ _ _ _ _ _ _ _ _ _ _ _ _ _ _ _ _ _ _ _ _ _ _ _ _ _ _ _ _ _ _ _ _

self = <click.types.FuncParamType object at 0x0000021BCA56A520>, func = 'str'

    def __init__(self, func: t.Callable[[t.Any], t.Any]) -> None:
>       self.name: str = func.__name__
E       AttributeError: 'str' object has no attribute '__name__'

C:\Users\86152\AppData\Local\Programs\Python\Python39\lib\site-packages\click\types.py:166: AttributeError
___________________________ test_todo_add_and_list ____________________________

    def test_todo_add_and_list() -> None:
>       app = _create_todo_app()

tests\Typer\functional_test.py:228: 
_ _ _ _ _ _ _ _ _ _ _ _ _ _ _ _ _ _ _ _ _ _ _ _ _ _ _ _ _ _ _ _ _ _ _ _ _ _ _ _
tests\Typer\functional_test.py:92: in _create_todo_app
    def add(title: str) -> None:
generation\Typer\typer\__init__.py:196: in decorator
    params = _build_click_params(fn)
generation\Typer\typer\__init__.py:160: in _build_click_params
    argument = click.Argument(decls, **kwargs)
C:\Users\86152\AppData\Local\Programs\Python\Python39\lib\site-packages\click\core.py:2994: in __init__
    super().__init__(param_decls, required=required, **attrs)
C:\Users\86152\AppData\Local\Programs\Python\Python39\lib\site-packages\click\core.py:2114: in __init__
    self.type: types.ParamType = types.convert_type(type, default)
C:\Users\86152\AppData\Local\Programs\Python\Python39\lib\site-packages\click\types.py:1056: in convert_type
    return FuncParamType(ty)
_ _ _ _ _ _ _ _ _ _ _ _ _ _ _ _ _ _ _ _ _ _ _ _ _ _ _ _ _ _ _ _ _ _ _ _ _ _ _ _

self = <click.types.FuncParamType object at 0x0000021BCAFC1AF0>, func = 'str'

    def __init__(self, func: t.Callable[[t.Any], t.Any]) -> None:
>       self.name: str = func.__name__
E       AttributeError: 'str' object has no attribute '__name__'

C:\Users\86152\AppData\Local\Programs\Python\Python39\lib\site-packages\click\types.py:166: AttributeError
_____________________ test_todo_remove_then_list_updates ______________________

    def test_todo_remove_then_list_updates() -> None:
>       app = _create_todo_app()

tests\Typer\functional_test.py:246: 
_ _ _ _ _ _ _ _ _ _ _ _ _ _ _ _ _ _ _ _ _ _ _ _ _ _ _ _ _ _ _ _ _ _ _ _ _ _ _ _
tests\Typer\functional_test.py:92: in _create_todo_app
    def add(title: str) -> None:
generation\Typer\typer\__init__.py:196: in decorator
    params = _build_click_params(fn)
generation\Typer\typer\__init__.py:160: in _build_click_params
    argument = click.Argument(decls, **kwargs)
C:\Users\86152\AppData\Local\Programs\Python\Python39\lib\site-packages\click\core.py:2994: in __init__
    super().__init__(param_decls, required=required, **attrs)
C:\Users\86152\AppData\Local\Programs\Python\Python39\lib\site-packages\click\core.py:2114: in __init__
    self.type: types.ParamType = types.convert_type(type, default)
C:\Users\86152\AppData\Local\Programs\Python\Python39\lib\site-packages\click\types.py:1056: in convert_type
    return FuncParamType(ty)
_ _ _ _ _ _ _ _ _ _ _ _ _ _ _ _ _ _ _ _ _ _ _ _ _ _ _ _ _ _ _ _ _ _ _ _ _ _ _ _

self = <click.types.FuncParamType object at 0x0000021BCA4AF1C0>, func = 'str'

    def __init__(self, func: t.Callable[[t.Any], t.Any]) -> None:
>       self.name: str = func.__name__
E       AttributeError: 'str' object has no attribute '__name__'

C:\Users\86152\AppData\Local\Programs\Python\Python39\lib\site-packages\click\types.py:166: AttributeError
_____________________ test_help_output_includes_commands ______________________

    def test_help_output_includes_commands() -> None:
>       app = _create_todo_app()

tests\Typer\functional_test.py:262: 
_ _ _ _ _ _ _ _ _ _ _ _ _ _ _ _ _ _ _ _ _ _ _ _ _ _ _ _ _ _ _ _ _ _ _ _ _ _ _ _
tests\Typer\functional_test.py:92: in _create_todo_app
    def add(title: str) -> None:
generation\Typer\typer\__init__.py:196: in decorator
    params = _build_click_params(fn)
generation\Typer\typer\__init__.py:160: in _build_click_params
    argument = click.Argument(decls, **kwargs)
C:\Users\86152\AppData\Local\Programs\Python\Python39\lib\site-packages\click\core.py:2994: in __init__
    super().__init__(param_decls, required=required, **attrs)
C:\Users\86152\AppData\Local\Programs\Python\Python39\lib\site-packages\click\core.py:2114: in __init__
    self.type: types.ParamType = types.convert_type(type, default)
C:\Users\86152\AppData\Local\Programs\Python\Python39\lib\site-packages\click\types.py:1056: in convert_type
    return FuncParamType(ty)
_ _ _ _ _ _ _ _ _ _ _ _ _ _ _ _ _ _ _ _ _ _ _ _ _ _ _ _ _ _ _ _ _ _ _ _ _ _ _ _

self = <click.types.FuncParamType object at 0x0000021BCA5D3A00>, func = 'str'

    def __init__(self, func: t.Callable[[t.Any], t.Any]) -> None:
>       self.name: str = func.__name__
E       AttributeError: 'str' object has no attribute '__name__'

C:\Users\86152\AppData\Local\Programs\Python\Python39\lib\site-packages\click\types.py:166: AttributeError
_______________ test_subcommand_help_for_add_mentions_argument ________________

    def test_subcommand_help_for_add_mentions_argument() -> None:
>       app = _create_todo_app()

tests\Typer\functional_test.py:272: 
_ _ _ _ _ _ _ _ _ _ _ _ _ _ _ _ _ _ _ _ _ _ _ _ _ _ _ _ _ _ _ _ _ _ _ _ _ _ _ _
tests\Typer\functional_test.py:92: in _create_todo_app
    def add(title: str) -> None:
generation\Typer\typer\__init__.py:196: in decorator
    params = _build_click_params(fn)
generation\Typer\typer\__init__.py:160: in _build_click_params
    argument = click.Argument(decls, **kwargs)
C:\Users\86152\AppData\Local\Programs\Python\Python39\lib\site-packages\click\core.py:2994: in __init__
    super().__init__(param_decls, required=required, **attrs)
C:\Users\86152\AppData\Local\Programs\Python\Python39\lib\site-packages\click\core.py:2114: in __init__
    self.type: types.ParamType = types.convert_type(type, default)
C:\Users\86152\AppData\Local\Programs\Python\Python39\lib\site-packages\click\types.py:1056: in convert_type
    return FuncParamType(ty)
_ _ _ _ _ _ _ _ _ _ _ _ _ _ _ _ _ _ _ _ _ _ _ _ _ _ _ _ _ _ _ _ _ _ _ _ _ _ _ _

self = <click.types.FuncParamType object at 0x0000021BCA585520>, func = 'str'

    def __init__(self, func: t.Callable[[t.Any], t.Any]) -> None:
>       self.name: str = func.__name__
E       AttributeError: 'str' object has no attribute '__name__'

C:\Users\86152\AppData\Local\Programs\Python\Python39\lib\site-packages\click\types.py:166: AttributeError
________________________ test_prompt_option_happy_path ________________________

    def test_prompt_option_happy_path() -> None:
>       app = _create_prompt_app()

tests\Typer\functional_test.py:280: 
_ _ _ _ _ _ _ _ _ _ _ _ _ _ _ _ _ _ _ _ _ _ _ _ _ _ _ _ _ _ _ _ _ _ _ _ _ _ _ _
tests\Typer\functional_test.py:120: in _create_prompt_app
    def greet(
generation\Typer\typer\__init__.py:196: in decorator
    params = _build_click_params(fn)
generation\Typer\typer\__init__.py:130: in _build_click_params
    option = click.Option(list(decls), **kwargs)
C:\Users\86152\AppData\Local\Programs\Python\Python39\lib\site-packages\click\core.py:2536: in __init__
    super().__init__(param_decls, type=type, multiple=multiple, **attrs)
C:\Users\86152\AppData\Local\Programs\Python\Python39\lib\site-packages\click\core.py:2114: in __init__
    self.type: types.ParamType = types.convert_type(type, default)
C:\Users\86152\AppData\Local\Programs\Python\Python39\lib\site-packages\click\types.py:1056: in convert_type
    return FuncParamType(ty)
_ _ _ _ _ _ _ _ _ _ _ _ _ _ _ _ _ _ _ _ _ _ _ _ _ _ _ _ _ _ _ _ _ _ _ _ _ _ _ _

self = <click.types.FuncParamType object at 0x0000021BCA72F3D0>, func = 'str'

    def __init__(self, func: t.Callable[[t.Any], t.Any]) -> None:
>       self.name: str = func.__name__
E       AttributeError: 'str' object has no attribute '__name__'

C:\Users\86152\AppData\Local\Programs\Python\Python39\lib\site-packages\click\types.py:166: AttributeError
________________________ test_envvar_option_happy_path ________________________

monkeypatch = <_pytest.monkeypatch.MonkeyPatch object at 0x0000021BCA49F070>

    def test_envvar_option_happy_path(monkeypatch: pytest.MonkeyPatch) -> None:
>       app = _create_env_app()

tests\Typer\functional_test.py:288: 
_ _ _ _ _ _ _ _ _ _ _ _ _ _ _ _ _ _ _ _ _ _ _ _ _ _ _ _ _ _ _ _ _ _ _ _ _ _ _ _
tests\Typer\functional_test.py:144: in _create_env_app
    def show(token: str = typer.Option(..., "--token", envvar="APP_TOKEN")) -> None:
generation\Typer\typer\__init__.py:196: in decorator
    params = _build_click_params(fn)
generation\Typer\typer\__init__.py:130: in _build_click_params
    option = click.Option(list(decls), **kwargs)
C:\Users\86152\AppData\Local\Programs\Python\Python39\lib\site-packages\click\core.py:2536: in __init__
    super().__init__(param_decls, type=type, multiple=multiple, **attrs)
C:\Users\86152\AppData\Local\Programs\Python\Python39\lib\site-packages\click\core.py:2114: in __init__
    self.type: types.ParamType = types.convert_type(type, default)
C:\Users\86152\AppData\Local\Programs\Python\Python39\lib\site-packages\click\types.py:1056: in convert_type
    return FuncParamType(ty)
_ _ _ _ _ _ _ _ _ _ _ _ _ _ _ _ _ _ _ _ _ _ _ _ _ _ _ _ _ _ _ _ _ _ _ _ _ _ _ _

self = <click.types.FuncParamType object at 0x0000021BCA49F100>, func = 'str'

    def __init__(self, func: t.Callable[[t.Any], t.Any]) -> None:
>       self.name: str = func.__name__
E       AttributeError: 'str' object has no attribute '__name__'

C:\Users\86152\AppData\Local\Programs\Python\Python39\lib\site-packages\click\types.py:166: AttributeError
_____________ test_callback_global_option_affects_command_output ______________

    def test_callback_global_option_affects_command_output() -> None:
>       app = _create_callback_app()

tests\Typer\functional_test.py:297: 
_ _ _ _ _ _ _ _ _ _ _ _ _ _ _ _ _ _ _ _ _ _ _ _ _ _ _ _ _ _ _ _ _ _ _ _ _ _ _ _

    def _create_callback_app() -> typer.Typer:
        """App with a callback global option that influences command output."""
        app = typer.Typer()
        state: Dict[str, bool] = {"verbose": False}
    
>       @app.callback()
E       TypeError: 'NoneType' object is not callable

tests\Typer\functional_test.py:159: TypeError
____________________ test_typed_arguments_and_float_option ____________________

    def test_typed_arguments_and_float_option() -> None:
>       app = _create_types_app()

tests\Typer\functional_test.py:310: 
_ _ _ _ _ _ _ _ _ _ _ _ _ _ _ _ _ _ _ _ _ _ _ _ _ _ _ _ _ _ _ _ _ _ _ _ _ _ _ _
tests\Typer\functional_test.py:181: in _create_types_app
    def calc(x: int, y: int, scale: float = typer.Option(1.0, "--scale")) -> None:
generation\Typer\typer\__init__.py:196: in decorator
    params = _build_click_params(fn)
generation\Typer\typer\__init__.py:160: in _build_click_params
    argument = click.Argument(decls, **kwargs)
C:\Users\86152\AppData\Local\Programs\Python\Python39\lib\site-packages\click\core.py:2994: in __init__
    super().__init__(param_decls, required=required, **attrs)
C:\Users\86152\AppData\Local\Programs\Python\Python39\lib\site-packages\click\core.py:2114: in __init__
    self.type: types.ParamType = types.convert_type(type, default)
C:\Users\86152\AppData\Local\Programs\Python\Python39\lib\site-packages\click\types.py:1056: in convert_type
    return FuncParamType(ty)
_ _ _ _ _ _ _ _ _ _ _ _ _ _ _ _ _ _ _ _ _ _ _ _ _ _ _ _ _ _ _ _ _ _ _ _ _ _ _ _

self = <click.types.FuncParamType object at 0x0000021BCA610E50>, func = 'int'

    def __init__(self, func: t.Callable[[t.Any], t.Any]) -> None:
>       self.name: str = func.__name__
E       AttributeError: 'str' object has no attribute '__name__'

C:\Users\86152\AppData\Local\Programs\Python\Python39\lib\site-packages\click\types.py:166: AttributeError
=========================== short test summary info ===========================
FAILED tests/Typer/functional_test.py::test_simple_hello_command - TypeError:...
FAILED tests/Typer/functional_test.py::test_simple_hello_command_excited - Ty...
FAILED tests/Typer/functional_test.py::test_greeter_help_mentions_option_and_argument
FAILED tests/Typer/functional_test.py::test_todo_list_empty_shows_no_tasks - ...
FAILED tests/Typer/functional_test.py::test_todo_add_and_list - AttributeErro...
FAILED tests/Typer/functional_test.py::test_todo_remove_then_list_updates - A...
FAILED tests/Typer/functional_test.py::test_help_output_includes_commands - A...
FAILED tests/Typer/functional_test.py::test_subcommand_help_for_add_mentions_argument
FAILED tests/Typer/functional_test.py::test_prompt_option_happy_path - Attrib...
FAILED tests/Typer/functional_test.py::test_envvar_option_happy_path - Attrib...
FAILED tests/Typer/functional_test.py::test_callback_global_option_affects_command_output
FAILED tests/Typer/functional_test.py::test_typed_arguments_and_float_option
12 failed in 1.69s
