FFFFFFFFFF                                                               [100%]
================================== FAILURES ===================================
___________________ test_001_import_celery_and_core_symbols ___________________

>   ???
E   ImportError: cannot import name 'chain' from 'celery' (D:\桌面\RAL-Bench\generation\claude-4.5-sonnet\Celery\celery\__init__.py)

D:\桌面\RealAppCodeBench_generic_eval\tests\Celery\functional_test.py:61: ImportError
______________ test_002_create_app_and_register_task_runs_delay _______________

>   ???

D:\桌面\RealAppCodeBench_generic_eval\tests\Celery\functional_test.py:68: 
_ _ _ _ _ _ _ _ _ _ _ _ _ _ _ _ _ _ _ _ _ _ _ _ _ _ _ _ _ _ _ _ _ _ _ _ _ _ _ _

func = <function test_002_create_app_and_register_task_runs_delay.<locals>.add at 0x000002D3214D1AF0>

    def decorator(func):
        name = opts.get('name') or f'{self.main}.{func.__name__}'
        bind = opts.get('bind', False)
    
>       task = Task(
            func=func,
            name=name,
            app=self,
            bind=bind,
            **opts
        )
E       TypeError: celery.app.task.Task() got multiple values for keyword argument 'name'

generation\claude-4.5-sonnet\Celery\celery\app\base.py:80: TypeError
____ test_003_apply_async_supports_kwargs_and_counts_down_ignored_in_eager ____

>   ???

D:\桌面\RealAppCodeBench_generic_eval\tests\Celery\functional_test.py:80: 
_ _ _ _ _ _ _ _ _ _ _ _ _ _ _ _ _ _ _ _ _ _ _ _ _ _ _ _ _ _ _ _ _ _ _ _ _ _ _ _

func = <function test_003_apply_async_supports_kwargs_and_counts_down_ignored_in_eager.<locals>.mul at 0x000002D321462550>

    def decorator(func):
        name = opts.get('name') or f'{self.main}.{func.__name__}'
        bind = opts.get('bind', False)
    
>       task = Task(
            func=func,
            name=name,
            app=self,
            bind=bind,
            **opts
        )
E       TypeError: celery.app.task.Task() got multiple values for keyword argument 'name'

generation\claude-4.5-sonnet\Celery\celery\app\base.py:80: TypeError
__________________ test_004_group_collects_results_in_order ___________________

>   ???
E   ImportError: cannot import name 'group' from 'celery' (D:\桌面\RAL-Bench\generation\claude-4.5-sonnet\Celery\celery\__init__.py)

D:\桌面\RealAppCodeBench_generic_eval\tests\Celery\functional_test.py:90: ImportError
____________________ test_005_chain_passes_previous_result ____________________

>   ???
E   ImportError: cannot import name 'chain' from 'celery' (D:\桌面\RAL-Bench\generation\claude-4.5-sonnet\Celery\celery\__init__.py)

D:\桌面\RealAppCodeBench_generic_eval\tests\Celery\functional_test.py:104: ImportError
_______________ test_006_chord_runs_callback_over_group_results _______________

>   ???
E   ImportError: cannot import name 'chord' from 'celery' (D:\桌面\RAL-Bench\generation\claude-4.5-sonnet\Celery\celery\__init__.py)

D:\桌面\RealAppCodeBench_generic_eval\tests\Celery\functional_test.py:117: ImportError
______________ test_007_task_exception_propagates_in_eager_mode _______________

>   ???

D:\桌面\RealAppCodeBench_generic_eval\tests\Celery\functional_test.py:145: 
_ _ _ _ _ _ _ _ _ _ _ _ _ _ _ _ _ _ _ _ _ _ _ _ _ _ _ _ _ _ _ _ _ _ _ _ _ _ _ _

func = <function test_007_task_exception_propagates_in_eager_mode.<locals>.boom at 0x000002D321452940>

    def decorator(func):
        name = opts.get('name') or f'{self.main}.{func.__name__}'
        bind = opts.get('bind', False)
    
>       task = Task(
            func=func,
            name=name,
            app=self,
            bind=bind,
            **opts
        )
E       TypeError: celery.app.task.Task() got multiple values for keyword argument 'name'

generation\claude-4.5-sonnet\Celery\celery\app\base.py:80: TypeError
_____________ test_008_disable_propagation_returns_failed_result ______________

>   ???

D:\桌面\RealAppCodeBench_generic_eval\tests\Celery\functional_test.py:169: 
_ _ _ _ _ _ _ _ _ _ _ _ _ _ _ _ _ _ _ _ _ _ _ _ _ _ _ _ _ _ _ _ _ _ _ _ _ _ _ _

func = <function test_008_disable_propagation_returns_failed_result.<locals>.boom2 at 0x000002D321452430>

    def decorator(func):
        name = opts.get('name') or f'{self.main}.{func.__name__}'
        bind = opts.get('bind', False)
    
>       task = Task(
            func=func,
            name=name,
            app=self,
            bind=bind,
            **opts
        )
E       TypeError: celery.app.task.Task() got multiple values for keyword argument 'name'

generation\claude-4.5-sonnet\Celery\celery\app\base.py:80: TypeError
_______________ test_009_signature_freeze_has_id_and_task_name ________________

>   ???
E   ImportError: cannot import name 'signature' from 'celery' (D:\桌面\RAL-Bench\generation\claude-4.5-sonnet\Celery\celery\__init__.py)

D:\桌面\RealAppCodeBench_generic_eval\tests\Celery\functional_test.py:191: ImportError
____________ test_010_default_app_does_not_break_custom_app_usage _____________

>   ???

D:\桌面\RealAppCodeBench_generic_eval\tests\Celery\functional_test.py:210: 
_ _ _ _ _ _ _ _ _ _ _ _ _ _ _ _ _ _ _ _ _ _ _ _ _ _ _ _ _ _ _ _ _ _ _ _ _ _ _ _

func = <function test_010_default_app_does_not_break_custom_app_usage.<locals>.add at 0x000002D321452AF0>

    def decorator(func):
        name = opts.get('name') or f'{self.main}.{func.__name__}'
        bind = opts.get('bind', False)
    
>       task = Task(
            func=func,
            name=name,
            app=self,
            bind=bind,
            **opts
        )
E       TypeError: celery.app.task.Task() got multiple values for keyword argument 'name'

generation\claude-4.5-sonnet\Celery\celery\app\base.py:80: TypeError
=========================== short test summary info ===========================
FAILED tests/Celery/functional_test.py::test_001_import_celery_and_core_symbols
FAILED tests/Celery/functional_test.py::test_002_create_app_and_register_task_runs_delay
FAILED tests/Celery/functional_test.py::test_003_apply_async_supports_kwargs_and_counts_down_ignored_in_eager
FAILED tests/Celery/functional_test.py::test_004_group_collects_results_in_order
FAILED tests/Celery/functional_test.py::test_005_chain_passes_previous_result
FAILED tests/Celery/functional_test.py::test_006_chord_runs_callback_over_group_results
FAILED tests/Celery/functional_test.py::test_007_task_exception_propagates_in_eager_mode
FAILED tests/Celery/functional_test.py::test_008_disable_propagation_returns_failed_result
FAILED tests/Celery/functional_test.py::test_009_signature_freeze_has_id_and_task_name
FAILED tests/Celery/functional_test.py::test_010_default_app_does_not_break_custom_app_usage
10 failed in 0.44s
