FFFFFF                                                                   [100%]
================================== FAILURES ===================================
_________________ test_001_empty_args_and_kwargs_do_not_crash _________________

>   ???

D:\桌面\RealAppCodeBench_generic_eval\tests\Celery\robustness_test.py:50: 
_ _ _ _ _ _ _ _ _ _ _ _ _ _ _ _ _ _ _ _ _ _ _ _ _ _ _ _ _ _ _ _ _ _ _ _ _ _ _ _

func = <function test_001_empty_args_and_kwargs_do_not_crash.<locals>.const at 0x0000015D722D6C10>

    def decorator(func):
        name = opts.get('name') or f'{self.main}.{func.__name__}'
        bind = opts.get('bind', False)
    
>       task = Task(
            func=func,
            name=name,
            app=self,
            bind=bind,
            **opts
        )
E       TypeError: celery.app.task.Task() got multiple values for keyword argument 'name'

generation\claude-4.5-sonnet\Celery\celery\app\base.py:80: TypeError
_____________ test_002_unknown_task_name_signature_errors_cleanly _____________

>   ???
E   ImportError: cannot import name 'signature' from 'celery' (D:\桌面\RAL-Bench\generation\claude-4.5-sonnet\Celery\celery\__init__.py)

D:\桌面\RealAppCodeBench_generic_eval\tests\Celery\robustness_test.py:59: ImportError
____________ test_003_large_payload_does_not_crash_eager_execution ____________

>   ???

D:\桌面\RealAppCodeBench_generic_eval\tests\Celery\robustness_test.py:70: 
_ _ _ _ _ _ _ _ _ _ _ _ _ _ _ _ _ _ _ _ _ _ _ _ _ _ _ _ _ _ _ _ _ _ _ _ _ _ _ _

func = <function test_003_large_payload_does_not_crash_eager_execution.<locals>.echo_len at 0x0000015D722E39D0>

    def decorator(func):
        name = opts.get('name') or f'{self.main}.{func.__name__}'
        bind = opts.get('bind', False)
    
>       task = Task(
            func=func,
            name=name,
            app=self,
            bind=bind,
            **opts
        )
E       TypeError: celery.app.task.Task() got multiple values for keyword argument 'name'

generation\claude-4.5-sonnet\Celery\celery\app\base.py:80: TypeError
_____________ test_004_chord_with_empty_header_behaves_reasonably _____________

>   ???
E   ImportError: cannot import name 'chord' from 'celery' (D:\桌面\RAL-Bench\generation\claude-4.5-sonnet\Celery\celery\__init__.py)

D:\桌面\RealAppCodeBench_generic_eval\tests\Celery\robustness_test.py:80: ImportError
___________________ test_005_task_can_return_dict_and_list ____________________

>   ???

D:\桌面\RealAppCodeBench_generic_eval\tests\Celery\robustness_test.py:95: 
_ _ _ _ _ _ _ _ _ _ _ _ _ _ _ _ _ _ _ _ _ _ _ _ _ _ _ _ _ _ _ _ _ _ _ _ _ _ _ _

func = <function test_005_task_can_return_dict_and_list.<locals>.make_obj at 0x0000015D722E3700>

    def decorator(func):
        name = opts.get('name') or f'{self.main}.{func.__name__}'
        bind = opts.get('bind', False)
    
>       task = Task(
            func=func,
            name=name,
            app=self,
            bind=bind,
            **opts
        )
E       TypeError: celery.app.task.Task() got multiple values for keyword argument 'name'

generation\claude-4.5-sonnet\Celery\celery\app\base.py:80: TypeError
__________________ test_006_propagation_toggle_is_respected ___________________

>   ???

D:\桌面\RealAppCodeBench_generic_eval\tests\Celery\robustness_test.py:109: 
_ _ _ _ _ _ _ _ _ _ _ _ _ _ _ _ _ _ _ _ _ _ _ _ _ _ _ _ _ _ _ _ _ _ _ _ _ _ _ _

func = <function test_006_propagation_toggle_is_respected.<locals>.fail at 0x0000015D722E3D30>

    def decorator(func):
        name = opts.get('name') or f'{self.main}.{func.__name__}'
        bind = opts.get('bind', False)
    
>       task = Task(
            func=func,
            name=name,
            app=self,
            bind=bind,
            **opts
        )
E       TypeError: celery.app.task.Task() got multiple values for keyword argument 'name'

generation\claude-4.5-sonnet\Celery\celery\app\base.py:80: TypeError
=========================== short test summary info ===========================
FAILED tests/Celery/robustness_test.py::test_001_empty_args_and_kwargs_do_not_crash
FAILED tests/Celery/robustness_test.py::test_002_unknown_task_name_signature_errors_cleanly
FAILED tests/Celery/robustness_test.py::test_003_large_payload_does_not_crash_eager_execution
FAILED tests/Celery/robustness_test.py::test_004_chord_with_empty_header_behaves_reasonably
FAILED tests/Celery/robustness_test.py::test_005_task_can_return_dict_and_list
FAILED tests/Celery/robustness_test.py::test_006_propagation_toggle_is_respected
6 failed in 0.40s
