F...FFFFFs.FF                                                            [100%]
================================== FAILURES ===================================
_____________________ test_parse_and_timezone_conversion ______________________

    def test_parse_and_timezone_conversion() -> None:
        """Parse an ISO string and convert between timezones."""
        dt_utc = pendulum.parse("2020-01-01T12:00:00+00:00")
    
        assert dt_utc.year == 2020
        assert dt_utc.month == 1
        assert dt_utc.day == 1
    
>       offset_utc = dt_utc.utcoffset()
E       AttributeError: 'DateTime' object has no attribute 'utcoffset'

tests\Pendulum\functional_test.py:72: AttributeError
__________________ test_datetime_to_iso8601_string_roundtrip __________________

    def test_datetime_to_iso8601_string_roundtrip() -> None:
        """Create a datetime and verify ISO8601 string contains expected offset."""
        dt = pendulum.datetime(2020, 1, 1, 12, 0, 0, tz="UTC")
>       iso = dt.to_iso8601_string()
E       AttributeError: 'DateTime' object has no attribute 'to_iso8601_string'

tests\Pendulum\functional_test.py:127: AttributeError
_____________________ test_formatting_with_custom_pattern _____________________

    def test_formatting_with_custom_pattern() -> None:
        """Verify formatting with a custom pattern is stable for a fixed datetime."""
        dt = pendulum.datetime(2021, 12, 31, 23, 59, 58, tz="UTC")
>       s = dt.format("YYYY/MM/DD HH:mm:ss")
E       AttributeError: 'DateTime' object has no attribute 'format'

tests\Pendulum\functional_test.py:136: AttributeError
__________________________ test_start_of_end_of_day ___________________________

    def test_start_of_end_of_day() -> None:
        """Check start_of and end_of for a day boundary."""
        dt = pendulum.datetime(2020, 5, 20, 13, 14, 15, tz="UTC")
    
>       sod = dt.start_of("day")
E       AttributeError: 'DateTime' object has no attribute 'start_of'

tests\Pendulum\functional_test.py:144: AttributeError
_____________________ test_weekday_and_isoweekday_values ______________________

    def test_weekday_and_isoweekday_values() -> None:
        """Validate weekday values for a known date (2020-01-01 is Wednesday)."""
>       dt = pendulum.date(2020, 1, 1)
E       AttributeError: module 'pendulum' has no attribute 'date'

tests\Pendulum\functional_test.py:155: AttributeError
_________________ test_duration_total_seconds_and_components __________________

    def test_duration_total_seconds_and_components() -> None:
        """Verify duration reports correct total seconds and has component attributes."""
        dur = pendulum.duration(days=1, hours=2, minutes=3, seconds=4)
    
        # Total seconds is the most stable cross-version contract.
>       assert dur.total_seconds() == 1 * 86400 + 2 * 3600 + 3 * 60 + 4
E       TypeError: 'float' object is not callable

tests\Pendulum\functional_test.py:165: TypeError
________________________ test_diff_in_days_is_integer _________________________

    def test_diff_in_days_is_integer() -> None:
        """Compute diff in days between two dates."""
>       a = pendulum.date(2020, 1, 1)
E       AttributeError: module 'pendulum' has no attribute 'date'

tests\Pendulum\functional_test.py:207: AttributeError
____________________ test_add_months_across_year_boundary _____________________

    def test_add_months_across_year_boundary() -> None:
        """Add months and verify year boundary transitions."""
>       dt = pendulum.date(2019, 12, 15)
E       AttributeError: module 'pendulum' has no attribute 'date'

tests\Pendulum\functional_test.py:217: AttributeError
=========================== short test summary info ===========================
FAILED tests/Pendulum/functional_test.py::test_parse_and_timezone_conversion
FAILED tests/Pendulum/functional_test.py::test_datetime_to_iso8601_string_roundtrip
FAILED tests/Pendulum/functional_test.py::test_formatting_with_custom_pattern
FAILED tests/Pendulum/functional_test.py::test_start_of_end_of_day - Attribut...
FAILED tests/Pendulum/functional_test.py::test_weekday_and_isoweekday_values
FAILED tests/Pendulum/functional_test.py::test_duration_total_seconds_and_components
FAILED tests/Pendulum/functional_test.py::test_diff_in_days_is_integer - Attr...
FAILED tests/Pendulum/functional_test.py::test_add_months_across_year_boundary
8 failed, 4 passed, 1 skipped in 0.64s
