.F.FF...F.s                                                              [100%]
================================== FAILURES ===================================
_____________________ test_hs512_encode_decode_roundtrip ______________________

>   ???

D:\桌面\RealAppCodeBench_generic_eval\tests\PyJWT\functional_test.py:148: 
_ _ _ _ _ _ _ _ _ _ _ _ _ _ _ _ _ _ _ _ _ _ _ _ _ _ _ _ _ _ _ _ _ _ _ _ _ _ _ _
D:\桌面\RealAppCodeBench_generic_eval\tests\PyJWT\functional_test.py:130: in _encode_decode
    ???
_ _ _ _ _ _ _ _ _ _ _ _ _ _ _ _ _ _ _ _ _ _ _ _ _ _ _ _ _ _ _ _ _ _ _ _ _ _ _ _

self = <jwt.api_jwt.PyJWT object at 0x000001D8FE726F70>
payload = {'active': True, 'scope': ['read', 'write']}, key = 'secret'
algorithm = 'HS512', headers = None, json_encoder = None

    def encode(self, payload, key, algorithm="HS256", headers=None, json_encoder=None):
        """
        Encode a payload into a JWT string.
    
        Args:
            payload: Dictionary containing the claims
            key: Secret key for signing
            algorithm: Signing algorithm (only HS256 supported)
            headers: Optional additional headers
            json_encoder: Optional custom JSON encoder
    
        Returns:
            JWT string in format: header.payload.signature
        """
        if algorithm != "HS256":
>           raise NotImplementedError(f"Algorithm {algorithm} not supported")
E           NotImplementedError: Algorithm HS512 not supported

generation\claude-4.5-sonnet\PyJWT\jwt\api_jwt.py:56: NotImplementedError
_______________ test_encode_decode_with_datetime_exp_in_future ________________

>   ???

D:\桌面\RealAppCodeBench_generic_eval\tests\PyJWT\functional_test.py:163: 
_ _ _ _ _ _ _ _ _ _ _ _ _ _ _ _ _ _ _ _ _ _ _ _ _ _ _ _ _ _ _ _ _ _ _ _ _ _ _ _
D:\桌面\RealAppCodeBench_generic_eval\tests\PyJWT\functional_test.py:130: in _encode_decode
    ???
generation\claude-4.5-sonnet\PyJWT\jwt\api_jwt.py:65: in encode
    payload_bytes = json.dumps(payload, separators=(',', ':'), cls=json_encoder).encode('utf-8')
C:\Users\86152\AppData\Local\Programs\Python\Python39\lib\json\__init__.py:234: in dumps
    return cls(
C:\Users\86152\AppData\Local\Programs\Python\Python39\lib\json\encoder.py:199: in encode
    chunks = self.iterencode(o, _one_shot=True)
C:\Users\86152\AppData\Local\Programs\Python\Python39\lib\json\encoder.py:257: in iterencode
    return _iterencode(o, 0)
_ _ _ _ _ _ _ _ _ _ _ _ _ _ _ _ _ _ _ _ _ _ _ _ _ _ _ _ _ _ _ _ _ _ _ _ _ _ _ _

self = <json.encoder.JSONEncoder object at 0x000001D8FE7A08E0>
o = datetime.datetime(2099, 1, 1, 0, 0, tzinfo=datetime.timezone.utc)

    def default(self, o):
        """Implement this method in a subclass such that it returns
        a serializable object for ``o``, or calls the base implementation
        (to raise a ``TypeError``).
    
        For example, to support arbitrary iterators, you could
        implement default like this::
    
            def default(self, o):
                try:
                    iterable = iter(o)
                except TypeError:
                    pass
                else:
                    return list(iterable)
                # Let the base class default method raise the TypeError
                return JSONEncoder.default(self, o)
    
        """
>       raise TypeError(f'Object of type {o.__class__.__name__} '
                        f'is not JSON serializable')
E       TypeError: Object of type datetime is not JSON serializable

C:\Users\86152\AppData\Local\Programs\Python\Python39\lib\json\encoder.py:179: TypeError
________________ test_encode_decode_with_datetime_nbf_in_past _________________

>   ???

D:\桌面\RealAppCodeBench_generic_eval\tests\PyJWT\functional_test.py:171: 
_ _ _ _ _ _ _ _ _ _ _ _ _ _ _ _ _ _ _ _ _ _ _ _ _ _ _ _ _ _ _ _ _ _ _ _ _ _ _ _
D:\桌面\RealAppCodeBench_generic_eval\tests\PyJWT\functional_test.py:130: in _encode_decode
    ???
generation\claude-4.5-sonnet\PyJWT\jwt\api_jwt.py:65: in encode
    payload_bytes = json.dumps(payload, separators=(',', ':'), cls=json_encoder).encode('utf-8')
C:\Users\86152\AppData\Local\Programs\Python\Python39\lib\json\__init__.py:234: in dumps
    return cls(
C:\Users\86152\AppData\Local\Programs\Python\Python39\lib\json\encoder.py:199: in encode
    chunks = self.iterencode(o, _one_shot=True)
C:\Users\86152\AppData\Local\Programs\Python\Python39\lib\json\encoder.py:257: in iterencode
    return _iterencode(o, 0)
_ _ _ _ _ _ _ _ _ _ _ _ _ _ _ _ _ _ _ _ _ _ _ _ _ _ _ _ _ _ _ _ _ _ _ _ _ _ _ _

self = <json.encoder.JSONEncoder object at 0x000001D8FE7E3AF0>
o = datetime.datetime(2000, 1, 1, 0, 0, tzinfo=datetime.timezone.utc)

    def default(self, o):
        """Implement this method in a subclass such that it returns
        a serializable object for ``o``, or calls the base implementation
        (to raise a ``TypeError``).
    
        For example, to support arbitrary iterators, you could
        implement default like this::
    
            def default(self, o):
                try:
                    iterable = iter(o)
                except TypeError:
                    pass
                else:
                    return list(iterable)
                # Let the base class default method raise the TypeError
                return JSONEncoder.default(self, o)
    
        """
>       raise TypeError(f'Object of type {o.__class__.__name__} '
                        f'is not JSON serializable')
E       TypeError: Object of type datetime is not JSON serializable

C:\Users\86152\AppData\Local\Programs\Python\Python39\lib\json\encoder.py:179: TypeError
_____________ test_unverified_header_contains_alg_and_custom_kid ______________

>   ???
E   AttributeError: module 'jwt' has no attribute 'get_unverified_header'

D:\桌面\RealAppCodeBench_generic_eval\tests\PyJWT\functional_test.py:210: AttributeError
=========================== short test summary info ===========================
FAILED tests/PyJWT/functional_test.py::test_hs512_encode_decode_roundtrip - N...
FAILED tests/PyJWT/functional_test.py::test_encode_decode_with_datetime_exp_in_future
FAILED tests/PyJWT/functional_test.py::test_encode_decode_with_datetime_nbf_in_past
FAILED tests/PyJWT/functional_test.py::test_unverified_header_contains_alg_and_custom_kid
4 failed, 6 passed, 1 skipped in 0.43s
