FFFFFFFFFsFFF                                                            [100%]
================================== FAILURES ===================================
_____________________ test_parse_and_timezone_conversion ______________________

    def test_parse_and_timezone_conversion() -> None:
        """Parse an ISO string and convert between timezones."""
        dt_utc = pendulum.parse("2020-01-01T12:00:00+00:00")
    
        assert dt_utc.year == 2020
        assert dt_utc.month == 1
        assert dt_utc.day == 1
    
        offset_utc = dt_utc.utcoffset()
        assert offset_utc is not None
        assert offset_utc.total_seconds() == 0
    
        dt_tokyo = dt_utc.in_timezone("Asia/Tokyo")
        offset_tokyo = dt_tokyo.utcoffset()
        assert offset_tokyo is not None
>       assert offset_tokyo.total_seconds() == 9 * 60 * 60
E       assert 0.0 == ((9 * 60) * 60)
E        +  where 0.0 = <built-in method total_seconds of datetime.timedelta object at 0x0000018AE98844B0>()
E        +    where <built-in method total_seconds of datetime.timedelta object at 0x0000018AE98844B0> = datetime.timedelta(0).total_seconds

tests\Pendulum\functional_test.py:79: AssertionError
____________________ test_datetime_arithmetic_and_duration ____________________

    def test_datetime_arithmetic_and_duration() -> None:
        """Basic arithmetic with pendulum.datetime and pendulum.duration."""
        base = pendulum.datetime(2021, 3, 15, 10, 30, 0, tz="UTC")
    
>       shifted = base.add(days=2, hours=5, minutes=15)
E       TypeError: add() got an unexpected keyword argument 'days'

tests\Pendulum\functional_test.py:89: TypeError
_________________________ test_diff_for_humans_months _________________________

    def test_diff_for_humans_months() -> None:
        """Human-readable differences between two datetimes."""
        start = pendulum.datetime(2011, 8, 1, tz="UTC")
>       end = start.add(months=1)
E       TypeError: add() got an unexpected keyword argument 'months'

tests\Pendulum\functional_test.py:104: TypeError
_____________________ test_parse_date_only_to_date_string _____________________

    def test_parse_date_only_to_date_string() -> None:
        """Parse a date-only string and verify normalized date output."""
        d = pendulum.parse("2020-02-29")
        assert d.year == 2020
        assert d.month == 2
        assert d.day == 29
>       assert d.to_date_string() == "2020-02-29"
E       AttributeError: 'DateTime' object has no attribute 'to_date_string'

tests\Pendulum\functional_test.py:121: AttributeError
__________________ test_datetime_to_iso8601_string_roundtrip __________________

    def test_datetime_to_iso8601_string_roundtrip() -> None:
        """Create a datetime and verify ISO8601 string contains expected offset."""
        dt = pendulum.datetime(2020, 1, 1, 12, 0, 0, tz="UTC")
>       iso = dt.to_iso8601_string()
E       AttributeError: 'DateTime' object has no attribute 'to_iso8601_string'

tests\Pendulum\functional_test.py:127: AttributeError
_____________________ test_formatting_with_custom_pattern _____________________

    def test_formatting_with_custom_pattern() -> None:
        """Verify formatting with a custom pattern is stable for a fixed datetime."""
        dt = pendulum.datetime(2021, 12, 31, 23, 59, 58, tz="UTC")
>       s = dt.format("YYYY/MM/DD HH:mm:ss")
E       AttributeError: 'DateTime' object has no attribute 'format'

tests\Pendulum\functional_test.py:136: AttributeError
__________________________ test_start_of_end_of_day ___________________________

    def test_start_of_end_of_day() -> None:
        """Check start_of and end_of for a day boundary."""
        dt = pendulum.datetime(2020, 5, 20, 13, 14, 15, tz="UTC")
    
>       sod = dt.start_of("day")
E       AttributeError: 'DateTime' object has no attribute 'start_of'

tests\Pendulum\functional_test.py:144: AttributeError
_____________________ test_weekday_and_isoweekday_values ______________________

    def test_weekday_and_isoweekday_values() -> None:
        """Validate weekday values for a known date (2020-01-01 is Wednesday)."""
>       dt = pendulum.date(2020, 1, 1)
E       AttributeError: module 'pendulum' has no attribute 'date'

tests\Pendulum\functional_test.py:155: AttributeError
_________________ test_duration_total_seconds_and_components __________________

    def test_duration_total_seconds_and_components() -> None:
        """Verify duration reports correct total seconds and has component attributes."""
        dur = pendulum.duration(days=1, hours=2, minutes=3, seconds=4)
    
        # Total seconds is the most stable cross-version contract.
        assert dur.total_seconds() == 1 * 86400 + 2 * 3600 + 3 * 60 + 4
    
        # Component attributes commonly exist; assert them when present.
>       assert dur.days == 1
E       AttributeError: 'Duration' object has no attribute 'days'

tests\Pendulum\functional_test.py:168: AttributeError
_____________________ test_in_timezone_preserves_instant ______________________

    def test_in_timezone_preserves_instant() -> None:
        """Converting timezones should preserve the instant (timestamp)."""
        dt_utc = pendulum.datetime(2020, 6, 1, 0, 0, 0, tz="UTC")
        dt_ny = dt_utc.in_timezone("America/New_York")
    
        assert int(dt_utc.timestamp()) == int(dt_ny.timestamp())
>       assert dt_ny.to_date_string() in ("2020-05-31", "2020-06-01")
E       AttributeError: 'DateTime' object has no attribute 'to_date_string'

tests\Pendulum\functional_test.py:202: AttributeError
________________________ test_diff_in_days_is_integer _________________________

    def test_diff_in_days_is_integer() -> None:
        """Compute diff in days between two dates."""
>       a = pendulum.date(2020, 1, 1)
E       AttributeError: module 'pendulum' has no attribute 'date'

tests\Pendulum\functional_test.py:207: AttributeError
____________________ test_add_months_across_year_boundary _____________________

    def test_add_months_across_year_boundary() -> None:
        """Add months and verify year boundary transitions."""
>       dt = pendulum.date(2019, 12, 15)
E       AttributeError: module 'pendulum' has no attribute 'date'

tests\Pendulum\functional_test.py:217: AttributeError
=========================== short test summary info ===========================
FAILED tests/Pendulum/functional_test.py::test_parse_and_timezone_conversion
FAILED tests/Pendulum/functional_test.py::test_datetime_arithmetic_and_duration
FAILED tests/Pendulum/functional_test.py::test_diff_for_humans_months - TypeE...
FAILED tests/Pendulum/functional_test.py::test_parse_date_only_to_date_string
FAILED tests/Pendulum/functional_test.py::test_datetime_to_iso8601_string_roundtrip
FAILED tests/Pendulum/functional_test.py::test_formatting_with_custom_pattern
FAILED tests/Pendulum/functional_test.py::test_start_of_end_of_day - Attribut...
FAILED tests/Pendulum/functional_test.py::test_weekday_and_isoweekday_values
FAILED tests/Pendulum/functional_test.py::test_duration_total_seconds_and_components
FAILED tests/Pendulum/functional_test.py::test_in_timezone_preserves_instant
FAILED tests/Pendulum/functional_test.py::test_diff_in_days_is_integer - Attr...
FAILED tests/Pendulum/functional_test.py::test_add_months_across_year_boundary
12 failed, 1 skipped in 0.68s
