...F........                                                             [100%]
================================== FAILURES ===================================
__________________ test_repeat_decorator_registers_and_runs ___________________

>   ???
E   AttributeError: module 'schedule' has no attribute 'repeat'

D:\桌面\RealAppCodeBench_generic_eval\tests\Schedule\functional_test.py:164: AttributeError
=========================== short test summary info ===========================
FAILED tests/Schedule/functional_test.py::test_repeat_decorator_registers_and_runs
1 failed, 11 passed in 0.33s
