..FF....F..                                                              [100%]
================================== FAILURES ===================================
_______________________ test_echo_arguments_and_parsing _______________________

app = <functional_test._make_app_class.<locals>.SimpleApp object at 0x00000199615187F0>

>   ???
E   AssertionError: assert 'one two three' in '\n'

D:\桌面\RealAppCodeBench_generic_eval\tests\Cmd2\functional_test.py:276: AssertionError
_______________________ test_echo_arguments_with_quotes _______________________

app = <functional_test._make_app_class.<locals>.SimpleApp object at 0x000001996155C100>

>   ???
E   AssertionError: assert 'hello world two' in '\n'

D:\桌面\RealAppCodeBench_generic_eval\tests\Cmd2\functional_test.py:283: AssertionError
_____________________ test_multiple_commands_and_history ______________________

app = <functional_test._make_app_class.<locals>.SimpleApp object at 0x000001996155CFA0>

>   ???
E   AssertionError: assert 'Hello Alice' in ''

D:\桌面\RealAppCodeBench_generic_eval\tests\Cmd2\functional_test.py:321: AssertionError
=========================== short test summary info ===========================
FAILED tests/Cmd2/functional_test.py::test_echo_arguments_and_parsing - Asser...
FAILED tests/Cmd2/functional_test.py::test_echo_arguments_with_quotes - Asser...
FAILED tests/Cmd2/functional_test.py::test_multiple_commands_and_history - As...
3 failed, 8 passed in 3.41s
