FF                                                                       [100%]
================================== FAILURES ===================================
__________ test_performance_import_and_discover_rules_is_fast_enough __________

    def test_performance_import_and_discover_rules_is_fast_enough() -> None:
        t0 = time.time()
        _ensure_repo_on_syspath()
>       importlib.import_module("thefuck")

tests\TheFuck\performance_test.py:41: 
_ _ _ _ _ _ _ _ _ _ _ _ _ _ _ _ _ _ _ _ _ _ _ _ _ _ _ _ _ _ _ _ _ _ _ _ _ _ _ _
C:\Users\86152\AppData\Local\Programs\Python\Python39\lib\importlib\__init__.py:127: in import_module
    return _bootstrap._gcd_import(name[level:], package, level)
<frozen importlib._bootstrap>:1030: in _gcd_import
    ???
<frozen importlib._bootstrap>:1007: in _find_and_load
    ???
<frozen importlib._bootstrap>:986: in _find_and_load_unlocked
    ???
<frozen importlib._bootstrap>:680: in _load_unlocked
    ???
<frozen importlib._bootstrap_external>:790: in exec_module
    ???
<frozen importlib._bootstrap>:228: in _call_with_frames_removed
    ???
generation\TheFuck\thefuck\__init__.py:21: in <module>
    from .command import Command           # Re-export for the tests
_ _ _ _ _ _ _ _ _ _ _ _ _ _ _ _ _ _ _ _ _ _ _ _ _ _ _ _ _ _ _ _ _ _ _ _ _ _ _ _

    """
    Very small re-implementation of the *Command* helper from *The Fuck*.
    
    It is nothing more than a glorified named-tuple but with a few convenience
    methods that the rules can rely on.
    """
    from __future__ import annotations
    from dataclasses import dataclass
    
    
>   @dataclass(slots=True)
E   TypeError: dataclass() got an unexpected keyword argument 'slots'

generation\TheFuck\thefuck\command.py:11: TypeError
____________ test_performance_import_first_30_rules_is_fast_enough ____________

    def test_performance_import_first_30_rules_is_fast_enough() -> None:
>       names = _iter_rule_module_names(limit=30)

tests\TheFuck\performance_test.py:50: 
_ _ _ _ _ _ _ _ _ _ _ _ _ _ _ _ _ _ _ _ _ _ _ _ _ _ _ _ _ _ _ _ _ _ _ _ _ _ _ _
tests\TheFuck\performance_test.py:25: in _iter_rule_module_names
    importlib.import_module("thefuck")
C:\Users\86152\AppData\Local\Programs\Python\Python39\lib\importlib\__init__.py:127: in import_module
    return _bootstrap._gcd_import(name[level:], package, level)
<frozen importlib._bootstrap>:1030: in _gcd_import
    ???
<frozen importlib._bootstrap>:1007: in _find_and_load
    ???
<frozen importlib._bootstrap>:986: in _find_and_load_unlocked
    ???
<frozen importlib._bootstrap>:680: in _load_unlocked
    ???
<frozen importlib._bootstrap_external>:790: in exec_module
    ???
<frozen importlib._bootstrap>:228: in _call_with_frames_removed
    ???
generation\TheFuck\thefuck\__init__.py:21: in <module>
    from .command import Command           # Re-export for the tests
_ _ _ _ _ _ _ _ _ _ _ _ _ _ _ _ _ _ _ _ _ _ _ _ _ _ _ _ _ _ _ _ _ _ _ _ _ _ _ _

    """
    Very small re-implementation of the *Command* helper from *The Fuck*.
    
    It is nothing more than a glorified named-tuple but with a few convenience
    methods that the rules can rely on.
    """
    from __future__ import annotations
    from dataclasses import dataclass
    
    
>   @dataclass(slots=True)
E   TypeError: dataclass() got an unexpected keyword argument 'slots'

generation\TheFuck\thefuck\command.py:11: TypeError
=========================== short test summary info ===========================
FAILED tests/TheFuck/performance_test.py::test_performance_import_and_discover_rules_is_fast_enough
FAILED tests/TheFuck/performance_test.py::test_performance_import_first_30_rules_is_fast_enough
2 failed in 0.41s
