.......F....                                                             [100%]
================================== FAILURES ===================================
________________ test_regex_pattern_allows_underscore_prefixes ________________

>   ???
E   AssertionError: assert False
E    +  where False = <built-in method startswith of str object at 0x0000024858539430>('___')
E    +    where <built-in method startswith of str object at 0x0000024858539430> = 'thisisatest'.startswith

D:\桌面\RealAppCodeBench_generic_eval\tests\Slugify\functional_test.py:173: AssertionError
=========================== short test summary info ===========================
FAILED tests/Slugify/functional_test.py::test_regex_pattern_allows_underscore_prefixes
1 failed, 11 passed in 0.33s
