......F..Fsssssssss                                                      [100%]
================================== FAILURES ===================================
_________________ test_html_escaping_in_text_but_not_in_code __________________

    def test_html_escaping_in_text_but_not_in_code() -> None:
        src = textwrap.dedent(
            """
            Use <b>raw HTML</b> here.
    
            ```
            literal <b> tag in code block
            ```
            """
        )
        html = markdown.markdown(src)
        norm = normalize_html(html)
    
>       assert "<b>" in norm
E       AssertionError: assert '<b>' in '<p>Use &lt;b&gt;raw HTML&lt;/b&gt; here.</p>\n<pre><code>literal &lt;b&gt; tag in code block\n</code></pre>'

tests\Markdown\functional_test.py:209: AssertionError
_______________________ test_horizontal_rule_renders_hr _______________________

    def test_horizontal_rule_renders_hr() -> None:
        src = textwrap.dedent(
            """
            Paragraph above
    
            ---
    
            Paragraph below
            """
        )
        html = markdown.markdown(src)
        norm = normalize_html(html)
    
>       assert "<hr" in norm
E       AssertionError: assert '<hr' in '<p>Paragraph above</p>\n<p>---</p>\n<p>Paragraph below</p>'

tests\Markdown\functional_test.py:272: AssertionError
=========================== short test summary info ===========================
FAILED tests/Markdown/functional_test.py::test_html_escaping_in_text_but_not_in_code
FAILED tests/Markdown/functional_test.py::test_horizontal_rule_renders_hr - A...
2 failed, 8 passed, 9 skipped in 0.56s
