F.                                                                       [100%]
================================== FAILURES ===================================
______________________ test_project_workflow_integration ______________________

    def test_project_workflow_integration() -> None:
        """End-to-end test of initializing a project and managing tasks."""
        app = _create_project_app()
    
        r1 = runner.invoke(app, ["init", "demo"])
>       assert r1.exit_code == 0
E       assert 1 == 0
E        +  where 1 = <typer.testing.InvokeResult object at 0x0000026396D5BB50>.exit_code

tests\Typer\resource_test.py:69: AssertionError
=========================== short test summary info ===========================
FAILED tests/Typer/resource_test.py::test_project_workflow_integration - asse...
1 failed, 1 passed in 0.39s
