F                                                                        [100%]
================================== FAILURES ===================================
_____________________ test_large_document_split_and_merge _____________________

tmp_path = WindowsPath('C:/Users/86152/AppData/Local/Temp/pytest-of-86152/pytest-472/test_large_document_split_and_0')

    def test_large_document_split_and_merge(tmp_path: Path) -> None:
        """Integration test that splits and merges a larger PDF document."""
        src = tmp_path / "large.pdf"
        part1 = tmp_path / "part1.pdf"
        part2 = tmp_path / "part2.pdf"
        merged = tmp_path / "merged.pdf"
    
>       _create_large_pdf(src, num_pages=30)

tests\PyPDF\resource_test.py:43: 
_ _ _ _ _ _ _ _ _ _ _ _ _ _ _ _ _ _ _ _ _ _ _ _ _ _ _ _ _ _ _ _ _ _ _ _ _ _ _ _
tests\PyPDF\resource_test.py:33: in _create_large_pdf
    writer.write(fp)
_ _ _ _ _ _ _ _ _ _ _ _ _ _ _ _ _ _ _ _ _ _ _ _ _ _ _ _ _ _ _ _ _ _ _ _ _ _ _ _

self = <pypdf._writer.PdfWriter object at 0x00000211F299BE50>
stream = <_io.BufferedWriter name='C:\\Users\\86152\\AppData\\Local\\Temp\\pytest-of-86152\\pytest-472\\test_large_document_split_and_0\\large.pdf'>

    def write(self, stream: Union[str, IO[bytes], io.BufferedIOBase]):
        """
        Serialise the current document into *stream*.
    
        *stream* may be:
          \u2022 a str / Path \u2013 interpreted as a file path to open,
          \u2022 a binary file-like object.
        """
        data = dumps_doc(
            {
                "pages": [p.to_dict() for p in self._pages],
                "metadata": self._metadata,
                "encrypted": self._encrypt_password is not None,
                "password": self._encrypt_password or "",
            }
        )
    
>       if isinstance(stream, (str, bytes, io.PathLike)):
E       AttributeError: module 'io' has no attribute 'PathLike'

generation\PyPDF\pypdf\_writer.py:73: AttributeError
=========================== short test summary info ===========================
FAILED tests/PyPDF/resource_test.py::test_large_document_split_and_merge - At...
1 failed in 0.34s
