FF...F..F.F                                                              [100%]
================================== FAILURES ===================================
______________________ test_insert_and_query_basic_rows _______________________

>   ???

D:\桌面\RealAppCodeBench_generic_eval\tests\Dataset\functional_test.py:155: 
_ _ _ _ _ _ _ _ _ _ _ _ _ _ _ _ _ _ _ _ _ _ _ _ _ _ _ _ _ _ _ _ _ _ _ _ _ _ _ _
generation\claude-4.5-sonnet\Dataset\dataset\table.py:233: in find
    cursor = self.database.execute(sql, values)
_ _ _ _ _ _ _ _ _ _ _ _ _ _ _ _ _ _ _ _ _ _ _ _ _ _ _ _ _ _ _ _ _ _ _ _ _ _ _ _

self = <dataset.database.Database object at 0x000001412DB5CBB0>
sql = 'SELECT * FROM users WHERE age = ?', params = [{'>=': 40}]

    def execute(self, sql, params=None):
        """
        Execute a SQL statement.
    
        Args:
            sql: SQL statement
            params: Parameters (dict or tuple)
    
        Returns:
            Cursor object
        """
        if params is None:
            params = {}
>       return self._connection.execute(sql, params)
E       sqlite3.InterfaceError: Error binding parameter 0 - probably unsupported type.

generation\claude-4.5-sonnet\Dataset\dataset\database.py:107: InterfaceError
_______________________ test_update_upsert_and_indexes ________________________

>   ???
E   assert 150.0 == 150.0
E     
E     comparison failed
E     Obtained: 150.0
E     Expected: 150.0

D:\桌面\RealAppCodeBench_generic_eval\tests\Dataset\functional_test.py:184: AssertionError
_______________________ test_find_order_by_limit_offset _______________________

>   ???

D:\桌面\RealAppCodeBench_generic_eval\tests\Dataset\functional_test.py:248: 
_ _ _ _ _ _ _ _ _ _ _ _ _ _ _ _ _ _ _ _ _ _ _ _ _ _ _ _ _ _ _ _ _ _ _ _ _ _ _ _
generation\claude-4.5-sonnet\Dataset\dataset\table.py:233: in find
    cursor = self.database.execute(sql, values)
_ _ _ _ _ _ _ _ _ _ _ _ _ _ _ _ _ _ _ _ _ _ _ _ _ _ _ _ _ _ _ _ _ _ _ _ _ _ _ _

self = <dataset.database.Database object at 0x000001412DBC9C40>
sql = 'SELECT * FROM nums WHERE order_by = ? AND _limit = ? AND _offset = ?'
params = ['n', 3, 4]

    def execute(self, sql, params=None):
        """
        Execute a SQL statement.
    
        Args:
            sql: SQL statement
            params: Parameters (dict or tuple)
    
        Returns:
            Cursor object
        """
        if params is None:
            params = {}
>       return self._connection.execute(sql, params)
E       sqlite3.OperationalError: no such column: order_by

generation\claude-4.5-sonnet\Dataset\dataset\database.py:107: OperationalError
___________________ test_drop_table_removes_from_db_tables ____________________

>   ???
E   AssertionError: assert 'to_drop' in []
E    +  where [] = _db_tables(<dataset.database.Database object at 0x000001412DBE8730>)

D:\桌面\RealAppCodeBench_generic_eval\tests\Dataset\functional_test.py:301: AssertionError
_____________________ test_distinct_returns_unique_values _____________________

>   ???

D:\桌面\RealAppCodeBench_generic_eval\tests\Dataset\functional_test.py:333: 
_ _ _ _ _ _ _ _ _ _ _ _ _ _ _ _ _ _ _ _ _ _ _ _ _ _ _ _ _ _ _ _ _ _ _ _ _ _ _ _

.0 = <list_iterator object at 0x000001412DBCFB50>

>   ???
E   TypeError: string indices must be integers

D:\桌面\RealAppCodeBench_generic_eval\tests\Dataset\functional_test.py:333: TypeError
=========================== short test summary info ===========================
FAILED tests/Dataset/functional_test.py::test_insert_and_query_basic_rows - s...
FAILED tests/Dataset/functional_test.py::test_update_upsert_and_indexes - ass...
FAILED tests/Dataset/functional_test.py::test_find_order_by_limit_offset - sq...
FAILED tests/Dataset/functional_test.py::test_drop_table_removes_from_db_tables
FAILED tests/Dataset/functional_test.py::test_distinct_returns_unique_values
5 failed, 6 passed in 3.55s
