.......F..                                                               [100%]
================================== FAILURES ===================================
_____________________ test_capture_output_context_manager _____________________

    def test_capture_output_context_manager():
        from cmd2.utils import capture_output
    
        with capture_output() as (out, err):
            print("A")
>           print("B", file=sys.stderr)
E           NameError: name 'sys' is not defined

generation_m1\Cmd2\_agent_tests\test_agent_basic.py:109: NameError
=========================== short test summary info ===========================
FAILED generation_m1/Cmd2/_agent_tests/test_agent_basic.py::test_capture_output_context_manager
1 failed, 9 passed in 0.45s
