F........                                                                [100%]
================================== FAILURES ===================================
_____________ test_cache_base_mapping_semantics_and_maxsize_zero ______________

    def test_cache_base_mapping_semantics_and_maxsize_zero():
        c = Cache(maxsize=0)
>       c["a"] = 1

generation_m1\Cachetools\_agent_tests\test_agent_basic.py:11: 
_ _ _ _ _ _ _ _ _ _ _ _ _ _ _ _ _ _ _ _ _ _ _ _ _ _ _ _ _ _ _ _ _ _ _ _ _ _ _ _
generation_m1\Cachetools\cachetools\cache.py:74: in __setitem__
    self._maybe_evict()
generation_m1\Cachetools\cachetools\cache.py:48: in _maybe_evict
    self.popitem()
_ _ _ _ _ _ _ _ _ _ _ _ _ _ _ _ _ _ _ _ _ _ _ _ _ _ _ _ _ _ _ _ _ _ _ _ _ _ _ _

self = Cache({'a': 1}, maxsize=0, currsize=1)

    def popitem(self) -> Tuple[Any, Any]:
>       raise NotImplementedError
E       NotImplementedError

generation_m1\Cachetools\cachetools\cache.py:97: NotImplementedError
=========================== short test summary info ===========================
FAILED generation_m1/Cachetools/_agent_tests/test_agent_basic.py::test_cache_base_mapping_semantics_and_maxsize_zero
1 failed, 8 passed in 0.41s
