...F...                                                                  [100%]
================================== FAILURES ===================================
_______________ test_append_col_into_empty_dataset_creates_rows _______________

    def test_append_col_into_empty_dataset_creates_rows():
        ds = tablib.Dataset(headers=["a"])
        # no rows yet; append col creates rows
        ds.append_col([1, 2, 3], header="b")
        assert ds.height == 3
        assert ds.width == 2
        assert ds.headers == ["a", "b"]
        # 'a' column missing values are None
>       assert ds["a"] == [None, None, None]
E       assert [1, 2, 3] == [None, None, None]
E         
E         At index 0 diff: 1 != None
E         Use -v to get more diff

generation_m1\Tablib\_agent_tests\test_agent_basic.py:51: AssertionError
=========================== short test summary info ===========================
FAILED generation_m1/Tablib/_agent_tests/test_agent_basic.py::test_append_col_into_empty_dataset_creates_rows
1 failed, 6 passed in 0.51s
