F......                                                                  [100%]
================================== FAILURES ===================================
__________________________ test_imports_and_exports ___________________________

    def test_imports_and_exports():
>       assert hasattr(humanize, "intcomma")
E       UnboundLocalError: local variable 'humanize' referenced before assignment

generation_m1\Humanize\_agent_tests\test_agent_basic.py:7: UnboundLocalError
=========================== short test summary info ===========================
FAILED generation_m1/Humanize/_agent_tests/test_agent_basic.py::test_imports_and_exports
1 failed, 6 passed in 0.42s
