..FFFF....F.                                                             [100%]
================================== FAILURES ===================================
___________________ test_headers_firstrow_and_simple_format ___________________

>   ???
E   AssertionError: assert False
E    +  where False = <built-in method startswith of str object at 0x000002837FD799B0>('Name')
E    +    where <built-in method startswith of str object at 0x000002837FD799B0> = '-----  ---'.startswith
E    +      where '-----  ---' = <built-in method strip of str object at 0x000002837FD799B0>()
E    +        where <built-in method strip of str object at 0x000002837FD799B0> = '-----  ---'.strip

D:\桌面\RealAppCodeBench_generic_eval\tests\Tabulate\functional_test.py:120: AssertionError
___________________ test_headers_keys_on_dict_of_iterables ____________________

>   ???
E   AssertionError: assert 'Name' in '----------------  --------'

D:\桌面\RealAppCodeBench_generic_eval\tests\Tabulate\functional_test.py:137: AssertionError
___________________________ test_showindex_variants ___________________________

>   ???
E   assert False
E    +  where False = any(<generator object test_showindex_variants.<locals>.<genexpr> at 0x000002837FD7DAC0>)

D:\桌面\RealAppCodeBench_generic_eval\tests\Tabulate\functional_test.py:153: AssertionError
________________________ test_github_and_grid_formats _________________________

>   ???
E   AssertionError: assert False
E    +  where False = <built-in method startswith of str object at 0x000002837FDCCF30>('|')
E    +    where <built-in method startswith of str object at 0x000002837FDCCF30> = 'item githubqty'.startswith

D:\桌面\RealAppCodeBench_generic_eval\tests\Tabulate\functional_test.py:172: AssertionError
______________________ test_maxcolwidths_wraps_long_text ______________________

>   ???
E   TypeError: tabulate() got an unexpected keyword argument 'maxcolwidths'

D:\桌面\RealAppCodeBench_generic_eval\tests\Tabulate\functional_test.py:251: TypeError
=========================== short test summary info ===========================
FAILED tests/Tabulate/functional_test.py::test_headers_firstrow_and_simple_format
FAILED tests/Tabulate/functional_test.py::test_headers_keys_on_dict_of_iterables
FAILED tests/Tabulate/functional_test.py::test_showindex_variants - assert False
FAILED tests/Tabulate/functional_test.py::test_github_and_grid_formats - Asse...
FAILED tests/Tabulate/functional_test.py::test_maxcolwidths_wraps_long_text
5 failed, 7 passed in 0.36s
