............Fss                                                          [100%]
================================== FAILURES ===================================
_________________________ test_intword_thousand_scale _________________________

>   ???
E   AssertionError: assert 'thousand' in '12,000'
E    +  where '12,000' = <built-in method lower of str object at 0x0000025FFE1079F0>()
E    +    where <built-in method lower of str object at 0x0000025FFE1079F0> = '12,000'.lower

D:\桌面\RealAppCodeBench_generic_eval\tests\Humanize\functional_test.py:195: AssertionError
=========================== short test summary info ===========================
FAILED tests/Humanize/functional_test.py::test_intword_thousand_scale - Asser...
1 failed, 12 passed, 2 skipped in 0.39s
