F                                                                        [100%]
================================== FAILURES ===================================
__________________ test_large_table_and_progress_performance __________________

>   ???
E   AssertionError: assert 'Performance Table' in '<rich.table.Table object at 0x000001BD64F5FB50>\n'

D:\桌面\RealAppCodeBench_generic_eval\tests\Rich\performance_test.py:56: AssertionError
=========================== short test summary info ===========================
FAILED tests/Rich/performance_test.py::test_large_table_and_progress_performance
1 failed in 0.33s
