FFF..F.FFFFF                                                             [100%]
================================== FAILURES ===================================
__________________________ test_simple_hello_command __________________________

>   ???
E   assert 1 == 0
E    +  where 1 = <typer.testing.Result object at 0x0000024C24ACAF70>.exit_code

D:\桌面\RealAppCodeBench_generic_eval\tests\Typer\functional_test.py:199: AssertionError
______________________ test_simple_hello_command_excited ______________________

>   ???
E   assert 1 == 0
E    +  where 1 = <typer.testing.Result object at 0x0000024C24AE3880>.exit_code

D:\桌面\RealAppCodeBench_generic_eval\tests\Typer\functional_test.py:207: AssertionError
_______________ test_greeter_help_mentions_option_and_argument ________________

>   ???
E   AssertionError: assert '--excited' in 'Usage: [OPTIONS] COMMAND [ARGS]...\n'

D:\桌面\RealAppCodeBench_generic_eval\tests\Typer\functional_test.py:216: AssertionError
_____________________ test_todo_remove_then_list_updates ______________________

>   ???
E   assert 1 == 0
E    +  where 1 = <typer.testing.Result object at 0x0000024C24B21160>.exit_code

D:\桌面\RealAppCodeBench_generic_eval\tests\Typer\functional_test.py:252: AssertionError
_______________ test_subcommand_help_for_add_mentions_argument ________________

>   ???
E   AssertionError: assert ('TITLE' in 'Usage: [OPTIONS] COMMAND [ARGS]...\n\nCommands:\n  add                  \n  list                 \n  remove               \n' or 'title' in 'Usage: [OPTIONS] COMMAND [ARGS]...\n\nCommands:\n  add                  \n  list                 \n  remove               \n')

D:\桌面\RealAppCodeBench_generic_eval\tests\Typer\functional_test.py:276: AssertionError
________________________ test_prompt_option_happy_path ________________________

>   ???
E   AssertionError: assert 'Hi Alice' in 'Hi <typer.params.ParamInfo object at 0x0000024C24B1BBE0>\n'
E    +  where 'Hi <typer.params.ParamInfo object at 0x0000024C24B1BBE0>\n' = <typer.testing.Result object at 0x0000024C24B1B700>.stdout

D:\桌面\RealAppCodeBench_generic_eval\tests\Typer\functional_test.py:284: AssertionError
________________________ test_envvar_option_happy_path ________________________

monkeypatch = <_pytest.monkeypatch.MonkeyPatch object at 0x0000024C24AE3E50>

>   ???
E   AssertionError: assert 'TOKEN=abc123' in 'TOKEN=Ellipsis\n'
E    +  where 'TOKEN=Ellipsis\n' = <typer.testing.Result object at 0x0000024C24AE3EE0>.stdout

D:\桌面\RealAppCodeBench_generic_eval\tests\Typer\functional_test.py:293: AssertionError
_____________ test_callback_global_option_affects_command_output ______________

>   ???
E   assert 2 == 0
E    +  where 2 = <typer.testing.Result object at 0x0000024C24B2C730>.exit_code

D:\桌面\RealAppCodeBench_generic_eval\tests\Typer\functional_test.py:305: AssertionError
____________________ test_typed_arguments_and_float_option ____________________

>   ???
E   assert 1 == 0
E    +  where 1 = <typer.testing.Result object at 0x0000024C24B33520>.exit_code

D:\桌面\RealAppCodeBench_generic_eval\tests\Typer\functional_test.py:313: AssertionError
=========================== short test summary info ===========================
FAILED tests/Typer/functional_test.py::test_simple_hello_command - assert 1 == 0
FAILED tests/Typer/functional_test.py::test_simple_hello_command_excited - as...
FAILED tests/Typer/functional_test.py::test_greeter_help_mentions_option_and_argument
FAILED tests/Typer/functional_test.py::test_todo_remove_then_list_updates - a...
FAILED tests/Typer/functional_test.py::test_subcommand_help_for_add_mentions_argument
FAILED tests/Typer/functional_test.py::test_prompt_option_happy_path - Assert...
FAILED tests/Typer/functional_test.py::test_envvar_option_happy_path - Assert...
FAILED tests/Typer/functional_test.py::test_callback_global_option_affects_command_output
FAILED tests/Typer/functional_test.py::test_typed_arguments_and_float_option
9 failed, 3 passed in 0.39s
