FFFFFF.FFFsF                                                             [100%]
================================== FAILURES ===================================
_______________________ test_create_and_read_blank_pdf ________________________

tmp_path = WindowsPath('C:/Users/86152/AppData/Local/Temp/pytest-of-86152/pytest-671/test_create_and_read_blank_pdf0')

>   ???
E   assert 0 == 3
E    +  where 0 = len([])
E    +    where [] = <pypdf.reader.PdfReader object at 0x000001BE8C9E5B20>.pages

D:\桌面\RealAppCodeBench_generic_eval\tests\PyPDF\functional_test.py:137: AssertionError
______________________ test_blank_page_has_expected_size ______________________

tmp_path = WindowsPath('C:/Users/86152/AppData/Local/Temp/pytest-of-86152/pytest-671/test_blank_page_has_expected_s0')

>   ???
E   IndexError: list index out of range

D:\桌面\RealAppCodeBench_generic_eval\tests\PyPDF\functional_test.py:146: IndexError
_____________________________ test_merge_two_pdfs _____________________________

tmp_path = WindowsPath('C:/Users/86152/AppData/Local/Temp/pytest-of-86152/pytest-671/test_merge_two_pdfs0')

>   ???
E   assert 0 == 3
E    +  where 0 = len([])
E    +    where [] = <pypdf.reader.PdfReader object at 0x000001BE8CA35370>.pages

D:\桌面\RealAppCodeBench_generic_eval\tests\PyPDF\functional_test.py:165: AssertionError
__________________ test_writer_add_page_preserves_page_count __________________

tmp_path = WindowsPath('C:/Users/86152/AppData/Local/Temp/pytest-of-86152/pytest-671/test_writer_add_page_preserves0')

>   ???
E   assert 0 == 4
E    +  where 0 = len([])
E    +    where [] = <pypdf.reader.PdfReader object at 0x000001BE8CA35F40>.pages

D:\桌面\RealAppCodeBench_generic_eval\tests\PyPDF\functional_test.py:183: AssertionError
______________________________ test_rotate_page _______________________________

tmp_path = WindowsPath('C:/Users/86152/AppData/Local/Temp/pytest-of-86152/pytest-671/test_rotate_page0')

>   ???
E   IndexError: list index out of range

D:\桌面\RealAppCodeBench_generic_eval\tests\PyPDF\functional_test.py:192: IndexError
_______________________ test_rotate_preserves_page_size _______________________

tmp_path = WindowsPath('C:/Users/86152/AppData/Local/Temp/pytest-of-86152/pytest-671/test_rotate_preserves_page_siz0')

>   ???
E   IndexError: list index out of range

D:\桌面\RealAppCodeBench_generic_eval\tests\PyPDF\functional_test.py:213: IndexError
_____________ test_encrypted_pdf_allows_page_access_after_decrypt _____________

tmp_path = WindowsPath('C:/Users/86152/AppData/Local/Temp/pytest-of-86152/pytest-671/test_encrypted_pdf_allows_page0')

>   ???
E   IndexError: list index out of range

D:\桌面\RealAppCodeBench_generic_eval\tests\PyPDF\functional_test.py:260: IndexError
___________________________ test_metadata_roundtrip ___________________________

tmp_path = WindowsPath('C:/Users/86152/AppData/Local/Temp/pytest-of-86152/pytest-671/test_metadata_roundtrip0')

>   ???

D:\桌面\RealAppCodeBench_generic_eval\tests\PyPDF\functional_test.py:296: 
_ _ _ _ _ _ _ _ _ _ _ _ _ _ _ _ _ _ _ _ _ _ _ _ _ _ _ _ _ _ _ _ _ _ _ _ _ _ _ _

self = <pypdf.reader.PdfReader object at 0x000001BE8CA48E20>

    @property
    def metadata(self) -> Dict[str, Any]:
        """Get document metadata."""
        if b'/Info' in self._trailer:
            info_ref = self._trailer[b'/Info']
            info_dict = self._resolve_object(info_ref)
    
            # Convert to string keys
            result = {}
>           for key, value in info_dict.items():
E           AttributeError: 'bytes' object has no attribute 'items'

generation\claude-4.5-sonnet\PyPDF\pypdf\reader.py:324: AttributeError
___________________ test_metadata_multiple_fields_roundtrip ___________________

tmp_path = WindowsPath('C:/Users/86152/AppData/Local/Temp/pytest-of-86152/pytest-671/test_metadata_multiple_fields_0')

>   ???
E   IndexError: list index out of range

D:\桌面\RealAppCodeBench_generic_eval\tests\PyPDF\functional_test.py:310: IndexError
_________________ test_clone_document_by_writing_reader_pages _________________

tmp_path = WindowsPath('C:/Users/86152/AppData/Local/Temp/pytest-of-86152/pytest-671/test_clone_document_by_writing0')

>   ???
E   assert 0 == 3
E    +  where 0 = len([])
E    +    where [] = <pypdf.reader.PdfReader object at 0x000001BE8C9A7A00>.pages

D:\桌面\RealAppCodeBench_generic_eval\tests\PyPDF\functional_test.py:372: AssertionError
=========================== short test summary info ===========================
FAILED tests/PyPDF/functional_test.py::test_create_and_read_blank_pdf - asser...
FAILED tests/PyPDF/functional_test.py::test_blank_page_has_expected_size - In...
FAILED tests/PyPDF/functional_test.py::test_merge_two_pdfs - assert 0 == 3
FAILED tests/PyPDF/functional_test.py::test_writer_add_page_preserves_page_count
FAILED tests/PyPDF/functional_test.py::test_rotate_page - IndexError: list in...
FAILED tests/PyPDF/functional_test.py::test_rotate_preserves_page_size - Inde...
FAILED tests/PyPDF/functional_test.py::test_encrypted_pdf_allows_page_access_after_decrypt
FAILED tests/PyPDF/functional_test.py::test_metadata_roundtrip - AttributeErr...
FAILED tests/PyPDF/functional_test.py::test_metadata_multiple_fields_roundtrip
FAILED tests/PyPDF/functional_test.py::test_clone_document_by_writing_reader_pages
10 failed, 1 passed, 1 skipped in 0.47s
