FFFFFFFFFFF                                                              [100%]
================================== FAILURES ===================================
______________________ test_simple_horizontal_bar_chart _______________________

capsys = <_pytest.capture.CaptureFixture object at 0x000002BCFD27BFD0>

    def test_simple_horizontal_bar_chart(capsys: pytest.CaptureFixture[str]) -> None:
        labels = ["A", "B", "C"]
        values = [[3], [5], [2]]
    
>       data = Data(values, labels)

tests\Termgraph\functional_test.py:90: 
_ _ _ _ _ _ _ _ _ _ _ _ _ _ _ _ _ _ _ _ _ _ _ _ _ _ _ _ _ _ _ _ _ _ _ _ _ _ _ _

self = <[AttributeError("'Data' object has no attribute 'labels'") raised in repr()] Data object at 0x2bcfd282490>
labels = [[3], [5], [2]], series = ['A', 'B', 'C']

    def __init__(self, labels, series):
        if not isinstance(labels, (list, tuple)):
            raise TypeError("labels must be a sequence")
    
        if not isinstance(series, (list, tuple)):
            raise TypeError("series must be a sequence of sequences")
    
        # Basic sanity ---------------------------------------------------------
        row_count = len(labels)
        for s in series:
            if len(s) != row_count:
>               raise ValueError("every series must have the same length as labels")
E               ValueError: every series must have the same length as labels

generation\Termgraph\termgraph\data.py:33: ValueError
_____________________ test_stacked_chart_multiple_series ______________________

capsys = <_pytest.capture.CaptureFixture object at 0x000002BCFD2F48E0>

    def test_stacked_chart_multiple_series(capsys: pytest.CaptureFixture[str]) -> None:
        labels = ["X", "Y"]
        values = [[1, 2], [3, 4]]
    
>       data = Data(values, labels)

tests\Termgraph\functional_test.py:107: 
_ _ _ _ _ _ _ _ _ _ _ _ _ _ _ _ _ _ _ _ _ _ _ _ _ _ _ _ _ _ _ _ _ _ _ _ _ _ _ _

self = <[AttributeError("'Data' object has no attribute 'labels'") raised in repr()] Data object at 0x2bcfd2f4c40>
labels = [[1, 2], [3, 4]], series = ['X', 'Y']

    def __init__(self, labels, series):
        if not isinstance(labels, (list, tuple)):
            raise TypeError("labels must be a sequence")
    
        if not isinstance(series, (list, tuple)):
            raise TypeError("series must be a sequence of sequences")
    
        # Basic sanity ---------------------------------------------------------
        row_count = len(labels)
        for s in series:
            if len(s) != row_count:
>               raise ValueError("every series must have the same length as labels")
E               ValueError: every series must have the same length as labels

generation\Termgraph\termgraph\data.py:33: ValueError
_______________________ test_bar_chart_object_interface _______________________

capsys = <_pytest.capture.CaptureFixture object at 0x000002BCFD282BB0>

    def test_bar_chart_object_interface(capsys: pytest.CaptureFixture[str]) -> None:
        labels = ["D", "E"]
        values = [[4], [1]]
    
>       data = Data(values, labels)

tests\Termgraph\functional_test.py:123: 
_ _ _ _ _ _ _ _ _ _ _ _ _ _ _ _ _ _ _ _ _ _ _ _ _ _ _ _ _ _ _ _ _ _ _ _ _ _ _ _

self = <[AttributeError("'Data' object has no attribute 'labels'") raised in repr()] Data object at 0x2bcfd27ce80>
labels = [[4], [1]], series = ['D', 'E']

    def __init__(self, labels, series):
        if not isinstance(labels, (list, tuple)):
            raise TypeError("labels must be a sequence")
    
        if not isinstance(series, (list, tuple)):
            raise TypeError("series must be a sequence of sequences")
    
        # Basic sanity ---------------------------------------------------------
        row_count = len(labels)
        for s in series:
            if len(s) != row_count:
>               raise ValueError("every series must have the same length as labels")
E               ValueError: every series must have the same length as labels

generation\Termgraph\termgraph\data.py:33: ValueError
___________________ test_bar_chart_respects_no_values_flag ____________________

capsys = <_pytest.capture.CaptureFixture object at 0x000002BCFD26D070>

    def test_bar_chart_respects_no_values_flag(capsys: pytest.CaptureFixture[str]) -> None:
        labels = ["A", "B"]
        values = [[2], [7]]
    
>       data = Data(values, labels)

tests\Termgraph\functional_test.py:139: 
_ _ _ _ _ _ _ _ _ _ _ _ _ _ _ _ _ _ _ _ _ _ _ _ _ _ _ _ _ _ _ _ _ _ _ _ _ _ _ _

self = <[AttributeError("'Data' object has no attribute 'labels'") raised in repr()] Data object at 0x2bcfd26d370>
labels = [[2], [7]], series = ['A', 'B']

    def __init__(self, labels, series):
        if not isinstance(labels, (list, tuple)):
            raise TypeError("labels must be a sequence")
    
        if not isinstance(series, (list, tuple)):
            raise TypeError("series must be a sequence of sequences")
    
        # Basic sanity ---------------------------------------------------------
        row_count = len(labels)
        for s in series:
            if len(s) != row_count:
>               raise ValueError("every series must have the same length as labels")
E               ValueError: every series must have the same length as labels

generation\Termgraph\termgraph\data.py:33: ValueError
___________________ test_bar_chart_respects_no_labels_flag ____________________

capsys = <_pytest.capture.CaptureFixture object at 0x000002BCFD2F56A0>

    def test_bar_chart_respects_no_labels_flag(capsys: pytest.CaptureFixture[str]) -> None:
        labels = ["L1", "L2", "L3"]
        values = [[1], [2], [3]]
    
>       data = Data(values, labels)

tests\Termgraph\functional_test.py:155: 
_ _ _ _ _ _ _ _ _ _ _ _ _ _ _ _ _ _ _ _ _ _ _ _ _ _ _ _ _ _ _ _ _ _ _ _ _ _ _ _

self = <[AttributeError("'Data' object has no attribute 'labels'") raised in repr()] Data object at 0x2bcfd2f5160>
labels = [[1], [2], [3]], series = ['L1', 'L2', 'L3']

    def __init__(self, labels, series):
        if not isinstance(labels, (list, tuple)):
            raise TypeError("labels must be a sequence")
    
        if not isinstance(series, (list, tuple)):
            raise TypeError("series must be a sequence of sequences")
    
        # Basic sanity ---------------------------------------------------------
        row_count = len(labels)
        for s in series:
            if len(s) != row_count:
>               raise ValueError("every series must have the same length as labels")
E               ValueError: every series must have the same length as labels

generation\Termgraph\termgraph\data.py:33: ValueError
__________________ test_bar_chart_suffix_appended_to_values ___________________

capsys = <_pytest.capture.CaptureFixture object at 0x000002BCFD26DA30>

    def test_bar_chart_suffix_appended_to_values(capsys: pytest.CaptureFixture[str]) -> None:
        labels = ["CPU", "RAM"]
        values = [[12.5], [7.0]]
    
>       data = Data(values, labels)

tests\Termgraph\functional_test.py:172: 
_ _ _ _ _ _ _ _ _ _ _ _ _ _ _ _ _ _ _ _ _ _ _ _ _ _ _ _ _ _ _ _ _ _ _ _ _ _ _ _

self = <[AttributeError("'Data' object has no attribute 'labels'") raised in repr()] Data object at 0x2bcfd26d280>
labels = [[12.5], [7.0]], series = ['CPU', 'RAM']

    def __init__(self, labels, series):
        if not isinstance(labels, (list, tuple)):
            raise TypeError("labels must be a sequence")
    
        if not isinstance(series, (list, tuple)):
            raise TypeError("series must be a sequence of sequences")
    
        # Basic sanity ---------------------------------------------------------
        row_count = len(labels)
        for s in series:
            if len(s) != row_count:
>               raise ValueError("every series must have the same length as labels")
E               ValueError: every series must have the same length as labels

generation\Termgraph\termgraph\data.py:33: ValueError
___________ test_bar_chart_custom_format_changes_numeric_rendering ____________

capsys = <_pytest.capture.CaptureFixture object at 0x000002BCFD25D1F0>

    def test_bar_chart_custom_format_changes_numeric_rendering(capsys: pytest.CaptureFixture[str]) -> None:
        labels = ["P", "Q"]
        values = [[3.14159], [2.71828]]
    
>       data = Data(values, labels)

tests\Termgraph\functional_test.py:188: 
_ _ _ _ _ _ _ _ _ _ _ _ _ _ _ _ _ _ _ _ _ _ _ _ _ _ _ _ _ _ _ _ _ _ _ _ _ _ _ _

self = <[AttributeError("'Data' object has no attribute 'labels'") raised in repr()] Data object at 0x2bcfd3423a0>
labels = [[3.14159], [2.71828]], series = ['P', 'Q']

    def __init__(self, labels, series):
        if not isinstance(labels, (list, tuple)):
            raise TypeError("labels must be a sequence")
    
        if not isinstance(series, (list, tuple)):
            raise TypeError("series must be a sequence of sequences")
    
        # Basic sanity ---------------------------------------------------------
        row_count = len(labels)
        for s in series:
            if len(s) != row_count:
>               raise ValueError("every series must have the same length as labels")
E               ValueError: every series must have the same length as labels

generation\Termgraph\termgraph\data.py:33: ValueError
____________________ test_stacked_chart_renders_all_labels ____________________

capsys = <_pytest.capture.CaptureFixture object at 0x000002BCFD343BB0>

    def test_stacked_chart_renders_all_labels(capsys: pytest.CaptureFixture[str]) -> None:
        labels = ["S1", "S2", "S3"]
        values = [[1, 1], [2, 1], [1, 3]]
    
>       data = Data(values, labels)

tests\Termgraph\functional_test.py:204: 
_ _ _ _ _ _ _ _ _ _ _ _ _ _ _ _ _ _ _ _ _ _ _ _ _ _ _ _ _ _ _ _ _ _ _ _ _ _ _ _

self = <[AttributeError("'Data' object has no attribute 'labels'") raised in repr()] Data object at 0x2bcfd343c40>
labels = [[1, 1], [2, 1], [1, 3]], series = ['S1', 'S2', 'S3']

    def __init__(self, labels, series):
        if not isinstance(labels, (list, tuple)):
            raise TypeError("labels must be a sequence")
    
        if not isinstance(series, (list, tuple)):
            raise TypeError("series must be a sequence of sequences")
    
        # Basic sanity ---------------------------------------------------------
        row_count = len(labels)
        for s in series:
            if len(s) != row_count:
>               raise ValueError("every series must have the same length as labels")
E               ValueError: every series must have the same length as labels

generation\Termgraph\termgraph\data.py:33: ValueError
____________ test_stacked_chart_no_values_still_renders_structure _____________

capsys = <_pytest.capture.CaptureFixture object at 0x000002BCFD342B20>

    def test_stacked_chart_no_values_still_renders_structure(capsys: pytest.CaptureFixture[str]) -> None:
        labels = ["A", "B"]
        values = [[1, 2, 3], [3, 2, 1]]
    
>       data = Data(values, labels)

tests\Termgraph\functional_test.py:219: 
_ _ _ _ _ _ _ _ _ _ _ _ _ _ _ _ _ _ _ _ _ _ _ _ _ _ _ _ _ _ _ _ _ _ _ _ _ _ _ _

self = <[AttributeError("'Data' object has no attribute 'labels'") raised in repr()] Data object at 0x2bcfd3429d0>
labels = [[1, 2, 3], [3, 2, 1]], series = ['A', 'B']

    def __init__(self, labels, series):
        if not isinstance(labels, (list, tuple)):
            raise TypeError("labels must be a sequence")
    
        if not isinstance(series, (list, tuple)):
            raise TypeError("series must be a sequence of sequences")
    
        # Basic sanity ---------------------------------------------------------
        row_count = len(labels)
        for s in series:
            if len(s) != row_count:
>               raise ValueError("every series must have the same length as labels")
E               ValueError: every series must have the same length as labels

generation\Termgraph\termgraph\data.py:33: ValueError
__________________ test_title_none_does_not_break_rendering ___________________

capsys = <_pytest.capture.CaptureFixture object at 0x000002BCFD34D400>

    def test_title_none_does_not_break_rendering(capsys: pytest.CaptureFixture[str]) -> None:
        labels = ["U", "V"]
        values = [[4], [6]]
    
>       data = Data(values, labels)

tests\Termgraph\functional_test.py:235: 
_ _ _ _ _ _ _ _ _ _ _ _ _ _ _ _ _ _ _ _ _ _ _ _ _ _ _ _ _ _ _ _ _ _ _ _ _ _ _ _

self = <[AttributeError("'Data' object has no attribute 'labels'") raised in repr()] Data object at 0x2bcfd34d2e0>
labels = [[4], [6]], series = ['U', 'V']

    def __init__(self, labels, series):
        if not isinstance(labels, (list, tuple)):
            raise TypeError("labels must be a sequence")
    
        if not isinstance(series, (list, tuple)):
            raise TypeError("series must be a sequence of sequences")
    
        # Basic sanity ---------------------------------------------------------
        row_count = len(labels)
        for s in series:
            if len(s) != row_count:
>               raise ValueError("every series must have the same length as labels")
E               ValueError: every series must have the same length as labels

generation\Termgraph\termgraph\data.py:33: ValueError
________________ test_width_parameter_affects_output_presence _________________

capsys = <_pytest.capture.CaptureFixture object at 0x000002BCFD335040>

    def test_width_parameter_affects_output_presence(capsys: pytest.CaptureFixture[str]) -> None:
        labels = ["W"]
        values = [[9]]
    
        data = Data(values, labels)
    
        args_narrow = _make_args(title="Narrow", width=5, format="{:>4.1f}")
>       BarChart(data, args_narrow).draw()

tests\Termgraph\functional_test.py:253: 
_ _ _ _ _ _ _ _ _ _ _ _ _ _ _ _ _ _ _ _ _ _ _ _ _ _ _ _ _ _ _ _ _ _ _ _ _ _ _ _

self = <termgraph.charts.BarChart object at 0x000002BCFD335070>
data = Data(labels=[[9]], series=[['W']])
args = Args(width=5, stacked=False, different_scale=False, no_labels=False, format='{:>4.1f}', suffix='', vertical=False, histogram=False, no_values=False, color=None, labels=None, title='Narrow')
stream = None

    def __init__(self, data: Data, args: Args, stream=None):
        self.data = data
        self.args = args
        self.stream = stream if stream is not None else sys.stdout
    
        # Prepare values -------------------------------------------------------
        # Flatten to compute a global maximum when `different_scale` is False.
        if not args.different_scale:
            flat_values = list(itertools.chain.from_iterable(self.data.series))
            # Avoid division by zero.  Use 1 to make every bar zero width.
>           self._global_max = max(max(flat_values), 1)
E           TypeError: '>' not supported between instances of 'int' and 'str'

generation\Termgraph\termgraph\charts.py:37: TypeError
=========================== short test summary info ===========================
FAILED tests/Termgraph/functional_test.py::test_simple_horizontal_bar_chart
FAILED tests/Termgraph/functional_test.py::test_stacked_chart_multiple_series
FAILED tests/Termgraph/functional_test.py::test_bar_chart_object_interface - ...
FAILED tests/Termgraph/functional_test.py::test_bar_chart_respects_no_values_flag
FAILED tests/Termgraph/functional_test.py::test_bar_chart_respects_no_labels_flag
FAILED tests/Termgraph/functional_test.py::test_bar_chart_suffix_appended_to_values
FAILED tests/Termgraph/functional_test.py::test_bar_chart_custom_format_changes_numeric_rendering
FAILED tests/Termgraph/functional_test.py::test_stacked_chart_renders_all_labels
FAILED tests/Termgraph/functional_test.py::test_stacked_chart_no_values_still_renders_structure
FAILED tests/Termgraph/functional_test.py::test_title_none_does_not_break_rendering
FAILED tests/Termgraph/functional_test.py::test_width_parameter_affects_output_presence
11 failed in 0.68s
