..FF.F...FF.                                                             [100%]
================================== FAILURES ===================================
___________________ test_headers_firstrow_and_simple_format ___________________

    def test_headers_firstrow_and_simple_format() -> None:
        table = [
            ["Name", "Age"],
            ["Alice", 24],
            ["Bob", 19],
        ]
    
        output = tabulate(table, headers="firstrow", tablefmt="simple")
        lines = _lines(output)
    
        assert lines[0].strip().startswith("Name")
        assert "Age" in lines[0]
        # separator line usually contains dashes
>       assert "-" in lines[1].replace(" ", "")
E       AssertionError: assert '-' in 'Alice24'
E        +  where 'Alice24' = <built-in method replace of str object at 0x0000024BE0E16BF0>(' ', '')
E        +    where <built-in method replace of str object at 0x0000024BE0E16BF0> = 'Alice  24'.replace

tests\Tabulate\functional_test.py:123: AssertionError
___________________ test_headers_keys_on_dict_of_iterables ____________________

    def test_headers_keys_on_dict_of_iterables() -> None:
        table = {
            "Name": ["Alice", "Bob"],
            "Age": [24, 19],
        }
    
        output = tabulate(table, headers="keys")
        lines = _lines(output)
    
>       assert "Name" in lines[0]
E       AssertionError: assert 'Name' in 'key  value           '

tests\Tabulate\functional_test.py:137: AssertionError
________________________ test_github_and_grid_formats _________________________

    def test_github_and_grid_formats() -> None:
        table = [
            ["item", "qty"],
            ["spam", 42],
            ["eggs", 451],
            ["bacon", 0],
        ]
    
>       out_github = tabulate(table[1:], headers=table[0], tablefmt="github")

tests\Tabulate\functional_test.py:170: 
_ _ _ _ _ _ _ _ _ _ _ _ _ _ _ _ _ _ _ _ _ _ _ _ _ _ _ _ _ _ _ _ _ _ _ _ _ _ _ _

tabular_data = [['spam', 42], ['eggs', 451], ['bacon', 0]]
headers = ['item', 'qty'], tablefmt = 'github', showindex = False
stralign = 'left', numalign = 'decimal', floatfmt = 'g', missingval = ''

    def tabulate(
        tabular_data: Any,
        headers: Any = (),
        tablefmt: str = "simple",
        showindex: bool | Sequence[Any] = False,
        stralign: str | None = "left",
        numalign: str | None = "decimal",
        floatfmt: str = "g",
        missingval: str = "",
    ) -> str:
        """
        Format *tabular_data* into a table.
    
        Only a subset of arguments of the original *tabulate* function
        is implemented, but the most frequently used ones are present.
        """
    
        fmt = TABLE_FORMATS.get(tablefmt)
        if fmt is None:
>           raise ValueError(f"Unknown table format {tablefmt!r}")
E           ValueError: Unknown table format 'github'

generation\Tabulate\tabulate\core.py:173: ValueError
_______________ test_disable_numparse_preserves_numeric_strings _______________

    def test_disable_numparse_preserves_numeric_strings() -> None:
        rows = [
            ["code", "value"],
            ["A", "001"],
            ["B", "010"],
        ]
>       output = tabulate(rows[1:], headers=rows[0], tablefmt="plain", disable_numparse=True)
E       TypeError: tabulate() got an unexpected keyword argument 'disable_numparse'

tests\Tabulate\functional_test.py:236: TypeError
______________________ test_maxcolwidths_wraps_long_text ______________________

    def test_maxcolwidths_wraps_long_text() -> None:
        long_text = "alpha beta gamma delta epsilon zeta"
        rows = [
            ["id", "note"],
            [1, long_text],
            [2, "short"],
        ]
>       output = tabulate(
            rows[1:],
            headers=rows[0],
            tablefmt="simple",
            maxcolwidths=[None, 10],
        )
E       TypeError: tabulate() got an unexpected keyword argument 'maxcolwidths'

tests\Tabulate\functional_test.py:251: TypeError
=========================== short test summary info ===========================
FAILED tests/Tabulate/functional_test.py::test_headers_firstrow_and_simple_format
FAILED tests/Tabulate/functional_test.py::test_headers_keys_on_dict_of_iterables
FAILED tests/Tabulate/functional_test.py::test_github_and_grid_formats - Valu...
FAILED tests/Tabulate/functional_test.py::test_disable_numparse_preserves_numeric_strings
FAILED tests/Tabulate/functional_test.py::test_maxcolwidths_wraps_long_text
5 failed, 7 passed in 0.50s
