FFFFFFFFFFF                                                              [100%]
================================== FAILURES ===================================
______________________ test_simple_horizontal_bar_chart _______________________

capsys = <_pytest.capture.CaptureFixture object at 0x000001DAF1162FA0>

    def test_simple_horizontal_bar_chart(capsys: pytest.CaptureFixture[str]) -> None:
        labels = ["A", "B", "C"]
        values = [[3], [5], [2]]
    
>       data = Data(values, labels)

tests\Termgraph\functional_test.py:90: 
_ _ _ _ _ _ _ _ _ _ _ _ _ _ _ _ _ _ _ _ _ _ _ _ _ _ _ _ _ _ _ _ _ _ _ _ _ _ _ _
generation_m3\Termgraph\termgraph\data.py:34: in __init__
    self.data = [list(map(float, s)) for s in (data or [])]
_ _ _ _ _ _ _ _ _ _ _ _ _ _ _ _ _ _ _ _ _ _ _ _ _ _ _ _ _ _ _ _ _ _ _ _ _ _ _ _

.0 = <list_iterator object at 0x000001DAF1155490>

>   self.data = [list(map(float, s)) for s in (data or [])]
E   ValueError: could not convert string to float: 'A'

generation_m3\Termgraph\termgraph\data.py:34: ValueError
_____________________ test_stacked_chart_multiple_series ______________________

capsys = <_pytest.capture.CaptureFixture object at 0x000001DAF11B0F10>

    def test_stacked_chart_multiple_series(capsys: pytest.CaptureFixture[str]) -> None:
        labels = ["X", "Y"]
        values = [[1, 2], [3, 4]]
    
>       data = Data(values, labels)

tests\Termgraph\functional_test.py:107: 
_ _ _ _ _ _ _ _ _ _ _ _ _ _ _ _ _ _ _ _ _ _ _ _ _ _ _ _ _ _ _ _ _ _ _ _ _ _ _ _
generation_m3\Termgraph\termgraph\data.py:34: in __init__
    self.data = [list(map(float, s)) for s in (data or [])]
_ _ _ _ _ _ _ _ _ _ _ _ _ _ _ _ _ _ _ _ _ _ _ _ _ _ _ _ _ _ _ _ _ _ _ _ _ _ _ _

.0 = <list_iterator object at 0x000001DAF11B0DC0>

>   self.data = [list(map(float, s)) for s in (data or [])]
E   ValueError: could not convert string to float: 'X'

generation_m3\Termgraph\termgraph\data.py:34: ValueError
_______________________ test_bar_chart_object_interface _______________________

capsys = <_pytest.capture.CaptureFixture object at 0x000001DAF11267F0>

    def test_bar_chart_object_interface(capsys: pytest.CaptureFixture[str]) -> None:
        labels = ["D", "E"]
        values = [[4], [1]]
    
>       data = Data(values, labels)

tests\Termgraph\functional_test.py:123: 
_ _ _ _ _ _ _ _ _ _ _ _ _ _ _ _ _ _ _ _ _ _ _ _ _ _ _ _ _ _ _ _ _ _ _ _ _ _ _ _
generation_m3\Termgraph\termgraph\data.py:34: in __init__
    self.data = [list(map(float, s)) for s in (data or [])]
_ _ _ _ _ _ _ _ _ _ _ _ _ _ _ _ _ _ _ _ _ _ _ _ _ _ _ _ _ _ _ _ _ _ _ _ _ _ _ _

.0 = <list_iterator object at 0x000001DAF1115D60>

>   self.data = [list(map(float, s)) for s in (data or [])]
E   ValueError: could not convert string to float: 'D'

generation_m3\Termgraph\termgraph\data.py:34: ValueError
___________________ test_bar_chart_respects_no_values_flag ____________________

capsys = <_pytest.capture.CaptureFixture object at 0x000001DAF11B2FA0>

    def test_bar_chart_respects_no_values_flag(capsys: pytest.CaptureFixture[str]) -> None:
        labels = ["A", "B"]
        values = [[2], [7]]
    
>       data = Data(values, labels)

tests\Termgraph\functional_test.py:139: 
_ _ _ _ _ _ _ _ _ _ _ _ _ _ _ _ _ _ _ _ _ _ _ _ _ _ _ _ _ _ _ _ _ _ _ _ _ _ _ _
generation_m3\Termgraph\termgraph\data.py:34: in __init__
    self.data = [list(map(float, s)) for s in (data or [])]
_ _ _ _ _ _ _ _ _ _ _ _ _ _ _ _ _ _ _ _ _ _ _ _ _ _ _ _ _ _ _ _ _ _ _ _ _ _ _ _

.0 = <list_iterator object at 0x000001DAF11B2A30>

>   self.data = [list(map(float, s)) for s in (data or [])]
E   ValueError: could not convert string to float: 'A'

generation_m3\Termgraph\termgraph\data.py:34: ValueError
___________________ test_bar_chart_respects_no_labels_flag ____________________

capsys = <_pytest.capture.CaptureFixture object at 0x000001DAF1115A60>

    def test_bar_chart_respects_no_labels_flag(capsys: pytest.CaptureFixture[str]) -> None:
        labels = ["L1", "L2", "L3"]
        values = [[1], [2], [3]]
    
>       data = Data(values, labels)

tests\Termgraph\functional_test.py:155: 
_ _ _ _ _ _ _ _ _ _ _ _ _ _ _ _ _ _ _ _ _ _ _ _ _ _ _ _ _ _ _ _ _ _ _ _ _ _ _ _
generation_m3\Termgraph\termgraph\data.py:34: in __init__
    self.data = [list(map(float, s)) for s in (data or [])]
_ _ _ _ _ _ _ _ _ _ _ _ _ _ _ _ _ _ _ _ _ _ _ _ _ _ _ _ _ _ _ _ _ _ _ _ _ _ _ _

.0 = <list_iterator object at 0x000001DAF1115A90>

>   self.data = [list(map(float, s)) for s in (data or [])]
E   ValueError: could not convert string to float: 'L'

generation_m3\Termgraph\termgraph\data.py:34: ValueError
__________________ test_bar_chart_suffix_appended_to_values ___________________

capsys = <_pytest.capture.CaptureFixture object at 0x000001DAF1140DC0>

    def test_bar_chart_suffix_appended_to_values(capsys: pytest.CaptureFixture[str]) -> None:
        labels = ["CPU", "RAM"]
        values = [[12.5], [7.0]]
    
>       data = Data(values, labels)

tests\Termgraph\functional_test.py:172: 
_ _ _ _ _ _ _ _ _ _ _ _ _ _ _ _ _ _ _ _ _ _ _ _ _ _ _ _ _ _ _ _ _ _ _ _ _ _ _ _
generation_m3\Termgraph\termgraph\data.py:34: in __init__
    self.data = [list(map(float, s)) for s in (data or [])]
_ _ _ _ _ _ _ _ _ _ _ _ _ _ _ _ _ _ _ _ _ _ _ _ _ _ _ _ _ _ _ _ _ _ _ _ _ _ _ _

.0 = <list_iterator object at 0x000001DAF11404C0>

>   self.data = [list(map(float, s)) for s in (data or [])]
E   ValueError: could not convert string to float: 'C'

generation_m3\Termgraph\termgraph\data.py:34: ValueError
___________ test_bar_chart_custom_format_changes_numeric_rendering ____________

capsys = <_pytest.capture.CaptureFixture object at 0x000001DAF11B0070>

    def test_bar_chart_custom_format_changes_numeric_rendering(capsys: pytest.CaptureFixture[str]) -> None:
        labels = ["P", "Q"]
        values = [[3.14159], [2.71828]]
    
>       data = Data(values, labels)

tests\Termgraph\functional_test.py:188: 
_ _ _ _ _ _ _ _ _ _ _ _ _ _ _ _ _ _ _ _ _ _ _ _ _ _ _ _ _ _ _ _ _ _ _ _ _ _ _ _
generation_m3\Termgraph\termgraph\data.py:34: in __init__
    self.data = [list(map(float, s)) for s in (data or [])]
_ _ _ _ _ _ _ _ _ _ _ _ _ _ _ _ _ _ _ _ _ _ _ _ _ _ _ _ _ _ _ _ _ _ _ _ _ _ _ _

.0 = <list_iterator object at 0x000001DAF11B0BE0>

>   self.data = [list(map(float, s)) for s in (data or [])]
E   ValueError: could not convert string to float: 'P'

generation_m3\Termgraph\termgraph\data.py:34: ValueError
____________________ test_stacked_chart_renders_all_labels ____________________

capsys = <_pytest.capture.CaptureFixture object at 0x000001DAF1148A90>

    def test_stacked_chart_renders_all_labels(capsys: pytest.CaptureFixture[str]) -> None:
        labels = ["S1", "S2", "S3"]
        values = [[1, 1], [2, 1], [1, 3]]
    
>       data = Data(values, labels)

tests\Termgraph\functional_test.py:204: 
_ _ _ _ _ _ _ _ _ _ _ _ _ _ _ _ _ _ _ _ _ _ _ _ _ _ _ _ _ _ _ _ _ _ _ _ _ _ _ _
generation_m3\Termgraph\termgraph\data.py:34: in __init__
    self.data = [list(map(float, s)) for s in (data or [])]
_ _ _ _ _ _ _ _ _ _ _ _ _ _ _ _ _ _ _ _ _ _ _ _ _ _ _ _ _ _ _ _ _ _ _ _ _ _ _ _

.0 = <list_iterator object at 0x000001DAF1148190>

>   self.data = [list(map(float, s)) for s in (data or [])]
E   ValueError: could not convert string to float: 'S'

generation_m3\Termgraph\termgraph\data.py:34: ValueError
____________ test_stacked_chart_no_values_still_renders_structure _____________

capsys = <_pytest.capture.CaptureFixture object at 0x000001DAF113D520>

    def test_stacked_chart_no_values_still_renders_structure(capsys: pytest.CaptureFixture[str]) -> None:
        labels = ["A", "B"]
        values = [[1, 2, 3], [3, 2, 1]]
    
>       data = Data(values, labels)

tests\Termgraph\functional_test.py:219: 
_ _ _ _ _ _ _ _ _ _ _ _ _ _ _ _ _ _ _ _ _ _ _ _ _ _ _ _ _ _ _ _ _ _ _ _ _ _ _ _
generation_m3\Termgraph\termgraph\data.py:34: in __init__
    self.data = [list(map(float, s)) for s in (data or [])]
_ _ _ _ _ _ _ _ _ _ _ _ _ _ _ _ _ _ _ _ _ _ _ _ _ _ _ _ _ _ _ _ _ _ _ _ _ _ _ _

.0 = <list_iterator object at 0x000001DAF113D400>

>   self.data = [list(map(float, s)) for s in (data or [])]
E   ValueError: could not convert string to float: 'A'

generation_m3\Termgraph\termgraph\data.py:34: ValueError
__________________ test_title_none_does_not_break_rendering ___________________

capsys = <_pytest.capture.CaptureFixture object at 0x000001DAF1141B50>

    def test_title_none_does_not_break_rendering(capsys: pytest.CaptureFixture[str]) -> None:
        labels = ["U", "V"]
        values = [[4], [6]]
    
>       data = Data(values, labels)

tests\Termgraph\functional_test.py:235: 
_ _ _ _ _ _ _ _ _ _ _ _ _ _ _ _ _ _ _ _ _ _ _ _ _ _ _ _ _ _ _ _ _ _ _ _ _ _ _ _
generation_m3\Termgraph\termgraph\data.py:34: in __init__
    self.data = [list(map(float, s)) for s in (data or [])]
_ _ _ _ _ _ _ _ _ _ _ _ _ _ _ _ _ _ _ _ _ _ _ _ _ _ _ _ _ _ _ _ _ _ _ _ _ _ _ _

.0 = <list_iterator object at 0x000001DAF11412B0>

>   self.data = [list(map(float, s)) for s in (data or [])]
E   ValueError: could not convert string to float: 'U'

generation_m3\Termgraph\termgraph\data.py:34: ValueError
________________ test_width_parameter_affects_output_presence _________________

capsys = <_pytest.capture.CaptureFixture object at 0x000001DAF11556D0>

    def test_width_parameter_affects_output_presence(capsys: pytest.CaptureFixture[str]) -> None:
        labels = ["W"]
        values = [[9]]
    
>       data = Data(values, labels)

tests\Termgraph\functional_test.py:250: 
_ _ _ _ _ _ _ _ _ _ _ _ _ _ _ _ _ _ _ _ _ _ _ _ _ _ _ _ _ _ _ _ _ _ _ _ _ _ _ _
generation_m3\Termgraph\termgraph\data.py:34: in __init__
    self.data = [list(map(float, s)) for s in (data or [])]
_ _ _ _ _ _ _ _ _ _ _ _ _ _ _ _ _ _ _ _ _ _ _ _ _ _ _ _ _ _ _ _ _ _ _ _ _ _ _ _

.0 = <list_iterator object at 0x000001DAF1155160>

>   self.data = [list(map(float, s)) for s in (data or [])]
E   ValueError: could not convert string to float: 'W'

generation_m3\Termgraph\termgraph\data.py:34: ValueError
=========================== short test summary info ===========================
FAILED tests/Termgraph/functional_test.py::test_simple_horizontal_bar_chart
FAILED tests/Termgraph/functional_test.py::test_stacked_chart_multiple_series
FAILED tests/Termgraph/functional_test.py::test_bar_chart_object_interface - ...
FAILED tests/Termgraph/functional_test.py::test_bar_chart_respects_no_values_flag
FAILED tests/Termgraph/functional_test.py::test_bar_chart_respects_no_labels_flag
FAILED tests/Termgraph/functional_test.py::test_bar_chart_suffix_appended_to_values
FAILED tests/Termgraph/functional_test.py::test_bar_chart_custom_format_changes_numeric_rendering
FAILED tests/Termgraph/functional_test.py::test_stacked_chart_renders_all_labels
FAILED tests/Termgraph/functional_test.py::test_stacked_chart_no_values_still_renders_structure
FAILED tests/Termgraph/functional_test.py::test_title_none_does_not_break_rendering
FAILED tests/Termgraph/functional_test.py::test_width_parameter_affects_output_presence
11 failed in 0.65s
