FFFFF.FFFFF                                                              [100%]
================================== FAILURES ===================================
________________ test_simple_command_with_argument_and_option _________________

    def test_simple_command_with_argument_and_option():
        @click.command()
>       @click.option("--count", "-c", type=int, default=1)
E       TypeError: option() takes 1 positional argument but 2 were given

tests\Click\functional_test.py:134: TypeError
________________________ test_boolean_flag_option_pair ________________________

    def test_boolean_flag_option_pair():
        @click.command()
        @click.option("--flag/--no-flag", default=False)
        def cli(flag: bool) -> None:
            click.echo(f"FLAG={flag}")
    
        runner = CliRunner()
    
        r1 = runner.invoke(cli, ["--flag"])
>       assert r1.exit_code == 0
E       assert 1 == 0
E        +  where 1 = <click.testing.Result object at 0x0000019762BB8760>.exit_code

tests\Click\functional_test.py:157: AssertionError
_________________________ test_group_with_subcommands _________________________

    def test_group_with_subcommands():
        @click.group()
        def cli() -> None:
            pass
    
>       @cli.command()
E       AttributeError: 'Group' object has no attribute 'command'

tests\Click\functional_test.py:170: AttributeError
___________________ test_help_output_for_command_and_group ____________________

    def test_help_output_for_command_and_group():
        @click.group(help="Top level group")
        def cli() -> None:
            pass
    
>       @cli.command(help="Say hello")
E       AttributeError: 'Group' object has no attribute 'command'

tests\Click\functional_test.py:196: AttributeError
____________________ test_get_current_context_propagation _____________________

    def test_get_current_context_propagation():
        @click.group()
        @click.option("--config", type=str, default="default.cfg")
>       def cli(config: str) -> None:

tests\Click\functional_test.py:222: 
_ _ _ _ _ _ _ _ _ _ _ _ _ _ _ _ _ _ _ _ _ _ _ _ _ _ _ _ _ _ _ _ _ _ _ _ _ _ _ _
generation\Click\click\decorators.py:33: in decorator
    f.__click_params__.append(Option(name, **kwargs))
_ _ _ _ _ _ _ _ _ _ _ _ _ _ _ _ _ _ _ _ _ _ _ _ _ _ _ _ _ _ _ _ _ _ _ _ _ _ _ _

self = <click.core.Option object at 0x0000019762C27C70>, name = '--config'
kwargs = {'default': 'default.cfg', 'type': <class 'str'>}

    def __init__(self, name, **kwargs):
        #  e.g. name could be '--count'
>       super().__init__(name, **kwargs)
E       TypeError: __init__() got an unexpected keyword argument 'type'

generation\Click\click\core.py:89: TypeError
_____________________ test_option_envvar_default_is_used ______________________

    def test_option_envvar_default_is_used():
        @click.command()
        @click.option("--name", envvar="CLICK_TEST_NAME", default="fallback")
>       def cli(name: str) -> None:

tests\Click\functional_test.py:263: 
_ _ _ _ _ _ _ _ _ _ _ _ _ _ _ _ _ _ _ _ _ _ _ _ _ _ _ _ _ _ _ _ _ _ _ _ _ _ _ _
generation\Click\click\decorators.py:33: in decorator
    f.__click_params__.append(Option(name, **kwargs))
_ _ _ _ _ _ _ _ _ _ _ _ _ _ _ _ _ _ _ _ _ _ _ _ _ _ _ _ _ _ _ _ _ _ _ _ _ _ _ _

self = <click.core.Option object at 0x0000019762BBD460>, name = '--name'
kwargs = {'default': 'fallback', 'envvar': 'CLICK_TEST_NAME'}

    def __init__(self, name, **kwargs):
        #  e.g. name could be '--count'
>       super().__init__(name, **kwargs)
E       TypeError: __init__() got an unexpected keyword argument 'envvar'

generation\Click\click\core.py:89: TypeError
________________ test_prompt_option_can_be_satisfied_via_input ________________

    def test_prompt_option_can_be_satisfied_via_input():
        @click.command()
        @click.option("--token", prompt=True)
        def cli(token: str) -> None:
            click.echo(f"TOKEN={token}")
    
        runner = CliRunner()
        r = runner.invoke(cli, [], input="secret-token\n")
>       assert r.exit_code == 0
E       assert 1 == 0
E        +  where 1 = <click.testing.Result object at 0x0000019762B69A30>.exit_code

tests\Click\functional_test.py:285: AssertionError
_______________ test_default_map_provides_default_option_value ________________

    def test_default_map_provides_default_option_value():
        @click.group()
        def cli() -> None:
            pass
    
>       @cli.command()
E       AttributeError: 'Group' object has no attribute 'command'

tests\Click\functional_test.py:294: AttributeError
_______________ test_parameter_type_validation_error_exit_code ________________

    def test_parameter_type_validation_error_exit_code():
        @click.command()
        @click.option("--count", type=int, required=True)
>       def cli(count: int) -> None:

tests\Click\functional_test.py:308: 
_ _ _ _ _ _ _ _ _ _ _ _ _ _ _ _ _ _ _ _ _ _ _ _ _ _ _ _ _ _ _ _ _ _ _ _ _ _ _ _
generation\Click\click\decorators.py:33: in decorator
    f.__click_params__.append(Option(name, **kwargs))
_ _ _ _ _ _ _ _ _ _ _ _ _ _ _ _ _ _ _ _ _ _ _ _ _ _ _ _ _ _ _ _ _ _ _ _ _ _ _ _

self = <click.core.Option object at 0x0000019762B80070>, name = '--count'
kwargs = {'required': True, 'type': <class 'int'>}

    def __init__(self, name, **kwargs):
        #  e.g. name could be '--count'
>       super().__init__(name, **kwargs)
E       TypeError: __init__() got an unexpected keyword argument 'type'

generation\Click\click\core.py:89: TypeError
_____________ test_path_type_creates_writable_path_in_isolated_fs _____________

    def test_path_type_creates_writable_path_in_isolated_fs():
        @click.command()
>       @click.option("--out", type=click.Path(dir_okay=False, writable=True))
E       AttributeError: module 'click' has no attribute 'Path'

tests\Click\functional_test.py:319: AttributeError
=========================== short test summary info ===========================
FAILED tests/Click/functional_test.py::test_simple_command_with_argument_and_option
FAILED tests/Click/functional_test.py::test_boolean_flag_option_pair - assert...
FAILED tests/Click/functional_test.py::test_group_with_subcommands - Attribut...
FAILED tests/Click/functional_test.py::test_help_output_for_command_and_group
FAILED tests/Click/functional_test.py::test_get_current_context_propagation
FAILED tests/Click/functional_test.py::test_option_envvar_default_is_used - T...
FAILED tests/Click/functional_test.py::test_prompt_option_can_be_satisfied_via_input
FAILED tests/Click/functional_test.py::test_default_map_provides_default_option_value
FAILED tests/Click/functional_test.py::test_parameter_type_validation_error_exit_code
FAILED tests/Click/functional_test.py::test_path_type_creates_writable_path_in_isolated_fs
10 failed, 1 passed in 4.08s
