F                                                                        [100%]
================================== FAILURES ===================================
___________________ test_repeated_invocations_memory_usage ____________________

    def test_repeated_invocations_memory_usage():
        @click.command()
        @click.option("--times", type=int, default=1)
        @click.argument("name")
>       def greet(times: int, name: str) -> None:

tests\Click\resource_test.py:35: 
_ _ _ _ _ _ _ _ _ _ _ _ _ _ _ _ _ _ _ _ _ _ _ _ _ _ _ _ _ _ _ _ _ _ _ _ _ _ _ _
generation\Click\click\decorators.py:33: in decorator
    f.__click_params__.append(Option(name, **kwargs))
_ _ _ _ _ _ _ _ _ _ _ _ _ _ _ _ _ _ _ _ _ _ _ _ _ _ _ _ _ _ _ _ _ _ _ _ _ _ _ _

self = <click.core.Option object at 0x0000023991A10610>, name = '--times'
kwargs = {'default': 1, 'type': <class 'int'>}

    def __init__(self, name, **kwargs):
        #  e.g. name could be '--count'
>       super().__init__(name, **kwargs)
E       TypeError: __init__() got an unexpected keyword argument 'type'

generation\Click\click\core.py:89: TypeError
=========================== short test summary info ===========================
FAILED tests/Click/resource_test.py::test_repeated_invocations_memory_usage
1 failed in 0.45s
