.....F...F.....                                                          [100%]
================================== FAILURES ===================================
______________________ test_naturaltime_reference_point _______________________

    def test_naturaltime_reference_point() -> None:
        ref = datetime(2020, 1, 1, 12, 0, 0)
        earlier = ref - timedelta(minutes=10)
>       s = humanize.naturaltime(earlier, when=ref)
E       TypeError: naturaltime() got an unexpected keyword argument 'when'

tests\Humanize\functional_test.py:129: TypeError
___________________ test_naturaltime_future_reference_point ___________________

    def test_naturaltime_future_reference_point() -> None:
        ref = datetime(2020, 1, 1, 12, 0, 0)
        later = ref + timedelta(minutes=10)
>       s = humanize.naturaltime(later, when=ref)
E       TypeError: naturaltime() got an unexpected keyword argument 'when'

tests\Humanize\functional_test.py:165: TypeError
=========================== short test summary info ===========================
FAILED tests/Humanize/functional_test.py::test_naturaltime_reference_point - ...
FAILED tests/Humanize/functional_test.py::test_naturaltime_future_reference_point
2 failed, 13 passed in 0.51s
