FF                                                                       [100%]
================================== FAILURES ===================================
____________ test_performance_large_marker_map_build_and_html_size ____________

    def test_performance_large_marker_map_build_and_html_size():
        _prepend_import_path()
>       import folium
E         File "D:\桌面\RealAppCodeBench_generic_eval\generation\Folium\folium\__init__.py", line 305
E           """
E              ^
E       SyntaxError: f-string expression part cannot include a backslash

tests\Folium\performance_test.py:29: SyntaxError
_____________ test_performance_markercluster_build_and_html_size ______________

    def test_performance_markercluster_build_and_html_size():
        _prepend_import_path()
>       import folium
E         File "D:\桌面\RealAppCodeBench_generic_eval\generation\Folium\folium\__init__.py", line 305
E           """
E              ^
E       SyntaxError: f-string expression part cannot include a backslash

tests\Folium\performance_test.py:49: SyntaxError
=========================== short test summary info ===========================
FAILED tests/Folium/performance_test.py::test_performance_large_marker_map_build_and_html_size
FAILED tests/Folium/performance_test.py::test_performance_markercluster_build_and_html_size
2 failed in 0.39s
