F                                                                        [100%]
================================== FAILURES ===================================
___________________ test_resource_build_medium_map_rss_cpu ____________________

    def test_resource_build_medium_map_rss_cpu():
        sys.path.insert(0, str(_resolve_repo_root()))
>       import folium
E         File "D:\桌面\RealAppCodeBench_generic_eval\generation\Folium\folium\__init__.py", line 305
E           """
E              ^
E       SyntaxError: f-string expression part cannot include a backslash

tests\Folium\resource_test.py:31: SyntaxError
=========================== short test summary info ===========================
FAILED tests/Folium/resource_test.py::test_resource_build_medium_map_rss_cpu
1 failed in 0.37s
