FF                                                                       [100%]
================================== FAILURES ===================================
______________________ test_project_workflow_integration ______________________

    def test_project_workflow_integration() -> None:
        """End-to-end test of initializing a project and managing tasks."""
>       app = _create_project_app()

tests\Typer\resource_test.py:66: 
_ _ _ _ _ _ _ _ _ _ _ _ _ _ _ _ _ _ _ _ _ _ _ _ _ _ _ _ _ _ _ _ _ _ _ _ _ _ _ _
tests\Typer\resource_test.py:35: in _create_project_app
    def init(name: str) -> None:
generation\Typer\typer\__init__.py:196: in decorator
    params = _build_click_params(fn)
generation\Typer\typer\__init__.py:160: in _build_click_params
    argument = click.Argument(decls, **kwargs)
C:\Users\86152\AppData\Local\Programs\Python\Python39\lib\site-packages\click\core.py:2994: in __init__
    super().__init__(param_decls, required=required, **attrs)
C:\Users\86152\AppData\Local\Programs\Python\Python39\lib\site-packages\click\core.py:2114: in __init__
    self.type: types.ParamType = types.convert_type(type, default)
C:\Users\86152\AppData\Local\Programs\Python\Python39\lib\site-packages\click\types.py:1056: in convert_type
    return FuncParamType(ty)
_ _ _ _ _ _ _ _ _ _ _ _ _ _ _ _ _ _ _ _ _ _ _ _ _ _ _ _ _ _ _ _ _ _ _ _ _ _ _ _

self = <click.types.FuncParamType object at 0x0000025B5CB9CC70>, func = 'str'

    def __init__(self, func: t.Callable[[t.Any], t.Any]) -> None:
>       self.name: str = func.__name__
E       AttributeError: 'str' object has no attribute '__name__'

C:\Users\86152\AppData\Local\Programs\Python\Python39\lib\site-packages\click\types.py:166: AttributeError
____________________ test_help_output_for_integration_app _____________________

    def test_help_output_for_integration_app() -> None:
>       app = _create_project_app()

tests\Typer\resource_test.py:87: 
_ _ _ _ _ _ _ _ _ _ _ _ _ _ _ _ _ _ _ _ _ _ _ _ _ _ _ _ _ _ _ _ _ _ _ _ _ _ _ _
tests\Typer\resource_test.py:35: in _create_project_app
    def init(name: str) -> None:
generation\Typer\typer\__init__.py:196: in decorator
    params = _build_click_params(fn)
generation\Typer\typer\__init__.py:160: in _build_click_params
    argument = click.Argument(decls, **kwargs)
C:\Users\86152\AppData\Local\Programs\Python\Python39\lib\site-packages\click\core.py:2994: in __init__
    super().__init__(param_decls, required=required, **attrs)
C:\Users\86152\AppData\Local\Programs\Python\Python39\lib\site-packages\click\core.py:2114: in __init__
    self.type: types.ParamType = types.convert_type(type, default)
C:\Users\86152\AppData\Local\Programs\Python\Python39\lib\site-packages\click\types.py:1056: in convert_type
    return FuncParamType(ty)
_ _ _ _ _ _ _ _ _ _ _ _ _ _ _ _ _ _ _ _ _ _ _ _ _ _ _ _ _ _ _ _ _ _ _ _ _ _ _ _

self = <click.types.FuncParamType object at 0x0000025B5D5BC7F0>, func = 'str'

    def __init__(self, func: t.Callable[[t.Any], t.Any]) -> None:
>       self.name: str = func.__name__
E       AttributeError: 'str' object has no attribute '__name__'

C:\Users\86152\AppData\Local\Programs\Python\Python39\lib\site-packages\click\types.py:166: AttributeError
=========================== short test summary info ===========================
FAILED tests/Typer/resource_test.py::test_project_workflow_integration - Attr...
FAILED tests/Typer/resource_test.py::test_help_output_for_integration_app - A...
2 failed in 0.58s
